<Event xmlns='http://schemas.microsoft.com/win/2004/08/events/event'><System><Provider Name='Application Error' Guid='{a0e9b465-b939-57d7-b27d-95d8e925ff57}'/><EventID>1000</EventID><Version>0</Version><Level>2</Level><Task>100</Task><Opcode>0</Opcode><Keywords>0x8000000000000000</Keywords><TimeCreated SystemTime='2026-04-28T06:10:16.2986561Z'/><EventRecordID>84361</EventRecordID><Correlation/><Execution ProcessID='40012' ThreadID='28744'/><Channel>Application</Channel><Computer>portare</Computer><Security UserID='S-1-5-21-28004937-3012961237-3232809839-1000'/></System><EventData><Data Name='AppName'>NexusRDM.DemoRecorder.exe</Data><Data Name='AppVersion'>1.0.0.0</Data><Data Name='AppTimeStamp'>69c40000</Data><Data Name='ModuleName'>KERNELBASE.dll</Data><Data Name='ModuleVersion'>10.0.26100.8246</Data><Data Name='ModuleTimeStamp'>208e0cb7</Data><Data Name='ExceptionCode'>e0434352</Data><Data Name='FaultingOffset'>00000000000c79da</Data><Data Name='ProcessId'>0xa0cc</Data><Data Name='ProcessCreationTime'>0x1dcd6d5abdd2dd0</Data><Data Name='AppPath'>C:\Users\crimson\source\repos\NexusRDM\tools\NexusRDM.DemoRecorder\bin\Debug\net9.0-windows\win-x64\NexusRDM.DemoRecorder.exe</Data><Data Name='ModulePath'>C:\WINDOWS\System32\KERNELBASE.dll</Data><Data Name='IntegratorReportId'>66ade0cc-5e87-4f3a-8a92-b2aa54d3647b</Data><Data Name='PackageFullName'></Data><Data Name='PackageRelativeAppId'></Data></EventData></Event><Event xmlns='http://schemas.microsoft.com/win/2004/08/events/event'><System><Provider Name='.NET Runtime'/><EventID Qualifiers='0'>1026</EventID><Version>0</Version><Level>2</Level><Task>0</Task><Opcode>0</Opcode><Keywords>0x80000000000000</Keywords><TimeCreated SystemTime='2026-04-28T06:10:16.1769038Z'/><EventRecordID>84360</EventRecordID><Correlation/><Execution ProcessID='41164' ThreadID='0'/><Channel>Application</Channel><Computer>portare</Computer><Security/></System><EventData><Data>Application: NexusRDM.DemoRecorder.exe
CoreCLR Version: 9.0.1526.17522
.NET Version: 9.0.15
Description: The process was terminated due to an unhandled exception.
Exception Info: FlaUI.Core.Exceptions.PropertyNotSupportedException: The requested property 'Name [#30005]' is not supported
   at FlaUI.Core.FrameworkAutomationElementBase.GetPropertyValue[T](PropertyId property)
   at FlaUI.Core.AutomationProperty`1.get_Value()
   at FlaUI.Core.AutomationElements.AutomationElement.get_Name()
   at Program.&lt;&lt;Main&gt;$&gt;g__FindButtonByLabel|0_4(Window root, String label) in C:\Users\crimson\source\repos\NexusRDM\tools\NexusRDM.DemoRecorder\Program.cs:line 255
   at Program.&lt;Main&gt;$(String[] args) in C:\Users\crimson\source\repos\NexusRDM\tools\NexusRDM.DemoRecorder\Program.cs:line 80
   at Program.&lt;Main&gt;(String[] args)
</Data></EventData></Event><Event xmlns='http://schemas.microsoft.com/win/2004/08/events/event'><System><Provider Name='Application Error' Guid='{a0e9b465-b939-57d7-b27d-95d8e925ff57}'/><EventID>1000</EventID><Version>0</Version><Level>2</Level><Task>100</Task><Opcode>0</Opcode><Keywords>0x8000000000000000</Keywords><TimeCreated SystemTime='2026-04-28T06:07:59.1316906Z'/><EventRecordID>84293</EventRecordID><Correlation/><Execution ProcessID='20328' ThreadID='34536'/><Channel>Application</Channel><Computer>portare</Computer><Security UserID='S-1-5-21-28004937-3012961237-3232809839-1000'/></System><EventData><Data Name='AppName'>NexusRDM.DemoRecorder.exe</Data><Data Name='AppVersion'>1.0.0.0</Data><Data Name='AppTimeStamp'>69c40000</Data><Data Name='ModuleName'>KERNELBASE.dll</Data><Data Name='ModuleVersion'>10.0.26100.8246</Data><Data Name='ModuleTimeStamp'>208e0cb7</Data><Data Name='ExceptionCode'>e0434352</Data><Data Name='FaultingOffset'>00000000000c79da</Data><Data Name='ProcessId'>0x6904</Data><Data Name='ProcessCreationTime'>0x1dcd6d55a142699</Data><Data Name='AppPath'>C:\Users\crimson\source\repos\NexusRDM\tools\NexusRDM.DemoRecorder\bin\Debug\net9.0-windows\win-x64\NexusRDM.DemoRecorder.exe</Data><Data Name='ModulePath'>C:\WINDOWS\System32\KERNELBASE.dll</Data><Data Name='IntegratorReportId'>bb7096f5-fba1-41c2-8486-11eff90ed351</Data><Data Name='PackageFullName'></Data><Data Name='PackageRelativeAppId'></Data></EventData></Event><Event xmlns='http://schemas.microsoft.com/win/2004/08/events/event'><System><Provider Name='.NET Runtime'/><EventID Qualifiers='0'>1026</EventID><Version>0</Version><Level>2</Level><Task>0</Task><Opcode>0</Opcode><Keywords>0x80000000000000</Keywords><TimeCreated SystemTime='2026-04-28T06:07:59.0189979Z'/><EventRecordID>84292</EventRecordID><Correlation/><Execution ProcessID='26884' ThreadID='0'/><Channel>Application</Channel><Computer>portare</Computer><Security/></System><EventData><Data>Application: NexusRDM.DemoRecorder.exe
CoreCLR Version: 9.0.1526.17522
.NET Version: 9.0.15
Description: The process was terminated due to an unhandled exception.
Exception Info: FlaUI.Core.Exceptions.PropertyNotSupportedException: The requested property 'Name [#30005]' is not supported
   at FlaUI.Core.FrameworkAutomationElementBase.GetPropertyValue[T](PropertyId property)
   at FlaUI.Core.AutomationProperty`1.get_Value()
   at FlaUI.Core.AutomationElements.AutomationElement.get_Name()
   at Program.&lt;&lt;Main&gt;$&gt;g__FindButtonByLabel|0_4(Window root, String label) in C:\Users\crimson\source\repos\NexusRDM\tools\NexusRDM.DemoRecorder\Program.cs:line 251
   at Program.&lt;Main&gt;$(String[] args) in C:\Users\crimson\source\repos\NexusRDM\tools\NexusRDM.DemoRecorder\Program.cs:line 80
   at Program.&lt;Main&gt;(String[] args)
</Data></EventData></Event><Event xmlns='http://schemas.microsoft.com/win/2004/08/events/event'><System><Provider Name='Application Error' Guid='{a0e9b465-b939-57d7-b27d-95d8e925ff57}'/><EventID>1000</EventID><Version>0</Version><Level>2</Level><Task>100</Task><Opcode>0</Opcode><Keywords>0x8000000000000000</Keywords><TimeCreated SystemTime='2026-04-28T06:05:22.0005258Z'/><EventRecordID>84289</EventRecordID><Correlation/><Execution ProcessID='45484' ThreadID='22188'/><Channel>Application</Channel><Computer>portare</Computer><Security UserID='S-1-5-21-28004937-3012961237-3232809839-1000'/></System><EventData><Data Name='AppName'>NexusRDM.DemoRecorder.exe</Data><Data Name='AppVersion'>1.0.0.0</Data><Data Name='AppTimeStamp'>69c40000</Data><Data Name='ModuleName'>KERNELBASE.dll</Data><Data Name='ModuleVersion'>10.0.26100.8246</Data><Data Name='ModuleTimeStamp'>208e0cb7</Data><Data Name='ExceptionCode'>e0434352</Data><Data Name='FaultingOffset'>00000000000c79da</Data><Data Name='ProcessId'>0xabb0</Data><Data Name='ProcessCreationTime'>0x1dcd6d4f59bd01b</Data><Data Name='AppPath'>C:\Users\crimson\source\repos\NexusRDM\tools\NexusRDM.DemoRecorder\bin\Debug\net9.0-windows\win-x64\NexusRDM.DemoRecorder.exe</Data><Data Name='ModulePath'>C:\WINDOWS\System32\KERNELBASE.dll</Data><Data Name='IntegratorReportId'>0978a316-3b5d-4d57-a9cd-d246e0f72584</Data><Data Name='PackageFullName'></Data><Data Name='PackageRelativeAppId'></Data></EventData></Event><Event xmlns='http://schemas.microsoft.com/win/2004/08/events/event'><System><Provider Name='.NET Runtime'/><EventID Qualifiers='0'>1026</EventID><Version>0</Version><Level>2</Level><Task>0</Task><Opcode>0</Opcode><Keywords>0x80000000000000</Keywords><TimeCreated SystemTime='2026-04-28T06:05:21.8829212Z'/><EventRecordID>84288</EventRecordID><Correlation/><Execution ProcessID='43952' ThreadID='0'/><Channel>Application</Channel><Computer>portare</Computer><Security/></System><EventData><Data>Application: NexusRDM.DemoRecorder.exe
CoreCLR Version: 9.0.1526.17522
.NET Version: 9.0.15
Description: The process was terminated due to an unhandled exception.
Exception Info: System.InvalidOperationException: Couldn't find the 'Start demo' button after 10s. Make sure NexusRDM was rebuilt with the AutomationId change.
   at Program.&lt;Main&gt;$(String[] args) in C:\Users\crimson\source\repos\NexusRDM\tools\NexusRDM.DemoRecorder\Program.cs:line 85
   at Program.&lt;Main&gt;(String[] args)
</Data></EventData></Event><Event xmlns='http://schemas.microsoft.com/win/2004/08/events/event'><System><Provider Name='Application Error' Guid='{a0e9b465-b939-57d7-b27d-95d8e925ff57}'/><EventID>1000</EventID><Version>0</Version><Level>2</Level><Task>100</Task><Opcode>0</Opcode><Keywords>0x8000000000000000</Keywords><TimeCreated SystemTime='2026-04-28T06:02:02.9621734Z'/><EventRecordID>84125</EventRecordID><Correlation/><Execution ProcessID='21780' ThreadID='46780'/><Channel>Application</Channel><Computer>portare</Computer><Security UserID='S-1-5-21-28004937-3012961237-3232809839-1000'/></System><EventData><Data Name='AppName'>NexusRDM.DemoRecorder.exe</Data><Data Name='AppVersion'>1.0.0.0</Data><Data Name='AppTimeStamp'>69c40000</Data><Data Name='ModuleName'>KERNELBASE.dll</Data><Data Name='ModuleVersion'>10.0.26100.8246</Data><Data Name='ModuleTimeStamp'>208e0cb7</Data><Data Name='ExceptionCode'>e0434352</Data><Data Name='FaultingOffset'>00000000000c79da</Data><Data Name='ProcessId'>0x28c0</Data><Data Name='ProcessCreationTime'>0x1dcd6d47f45ae40</Data><Data Name='AppPath'>C:\Users\crimson\source\repos\NexusRDM\tools\NexusRDM.DemoRecorder\bin\Debug\net9.0-windows\win-x64\NexusRDM.DemoRecorder.exe</Data><Data Name='ModulePath'>C:\WINDOWS\System32\KERNELBASE.dll</Data><Data Name='IntegratorReportId'>e2df2a95-0e49-45aa-bfd4-a9eb78af7221</Data><Data Name='PackageFullName'></Data><Data Name='PackageRelativeAppId'></Data></EventData></Event><Event xmlns='http://schemas.microsoft.com/win/2004/08/events/event'><System><Provider Name='.NET Runtime'/><EventID Qualifiers='0'>1026</EventID><Version>0</Version><Level>2</Level><Task>0</Task><Opcode>0</Opcode><Keywords>0x80000000000000</Keywords><TimeCreated SystemTime='2026-04-28T06:02:02.8543768Z'/><EventRecordID>84124</EventRecordID><Correlation/><Execution ProcessID='10432' ThreadID='0'/><Channel>Application</Channel><Computer>portare</Computer><Security/></System><EventData><Data>Application: NexusRDM.DemoRecorder.exe
CoreCLR Version: 9.0.1526.17522
.NET Version: 9.0.15
Description: The process was terminated due to an unhandled exception.
Exception Info: System.InvalidOperationException: Couldn't find the 'Start demo' button after 10s. Make sure NexusRDM was rebuilt with the AutomationId change.
   at Program.&lt;Main&gt;$(String[] args) in C:\Users\crimson\source\repos\NexusRDM\tools\NexusRDM.DemoRecorder\Program.cs:line 74
   at Program.&lt;Main&gt;(String[] args)
</Data></EventData></Event><Event xmlns='http://schemas.microsoft.com/win/2004/08/events/event'><System><Provider Name='Application Error' Guid='{a0e9b465-b939-57d7-b27d-95d8e925ff57}'/><EventID>1000</EventID><Version>0</Version><Level>2</Level><Task>100</Task><Opcode>0</Opcode><Keywords>0x8000000000000000</Keywords><TimeCreated SystemTime='2026-04-28T05:59:27.8380251Z'/><EventRecordID>84122</EventRecordID><Correlation/><Execution ProcessID='27032' ThreadID='40028'/><Channel>Application</Channel><Computer>portare</Computer><Security UserID='S-1-5-21-28004937-3012961237-3232809839-1000'/></System><EventData><Data Name='AppName'>NexusRDM.DemoRecorder.exe</Data><Data Name='AppVersion'>1.0.0.0</Data><Data Name='AppTimeStamp'>69c40000</Data><Data Name='ModuleName'>KERNELBASE.dll</Data><Data Name='ModuleVersion'>10.0.26100.8246</Data><Data Name='ModuleTimeStamp'>208e0cb7</Data><Data Name='ExceptionCode'>e0434352</Data><Data Name='FaultingOffset'>00000000000c79da</Data><Data Name='ProcessId'>0x8c04</Data><Data Name='ProcessCreationTime'>0x1dcd6d423959c14</Data><Data Name='AppPath'>C:\Users\crimson\source\repos\NexusRDM\tools\NexusRDM.DemoRecorder\bin\Debug\net9.0-windows\win-x64\NexusRDM.DemoRecorder.exe</Data><Data Name='ModulePath'>C:\WINDOWS\System32\KERNELBASE.dll</Data><Data Name='IntegratorReportId'>5330e0f0-3a2a-40ca-93bb-a746f64120c2</Data><Data Name='PackageFullName'></Data><Data Name='PackageRelativeAppId'></Data></EventData></Event><Event xmlns='http://schemas.microsoft.com/win/2004/08/events/event'><System><Provider Name='.NET Runtime'/><EventID Qualifiers='0'>1026</EventID><Version>0</Version><Level>2</Level><Task>0</Task><Opcode>0</Opcode><Keywords>0x80000000000000</Keywords><TimeCreated SystemTime='2026-04-28T05:59:27.7319246Z'/><EventRecordID>84121</EventRecordID><Correlation/><Execution ProcessID='35844' ThreadID='0'/><Channel>Application</Channel><Computer>portare</Computer><Security/></System><EventData><Data>Application: NexusRDM.DemoRecorder.exe
CoreCLR Version: 9.0.1526.17522
.NET Version: 9.0.15
Description: The process was terminated due to an unhandled exception.
Exception Info: System.InvalidOperationException: Couldn't find the 'Start demo' button after 10s. Make sure NexusRDM was rebuilt with the AutomationId change.
   at Program.&lt;Main&gt;$(String[] args) in C:\Users\crimson\source\repos\NexusRDM\tools\NexusRDM.DemoRecorder\Program.cs:line 74
   at Program.&lt;Main&gt;(String[] args)
</Data></EventData></Event><Event xmlns='http://schemas.microsoft.com/win/2004/08/events/event'><System><Provider Name='Application Error' Guid='{a0e9b465-b939-57d7-b27d-95d8e925ff57}'/><EventID>1000</EventID><Version>0</Version><Level>2</Level><Task>100</Task><Opcode>0</Opcode><Keywords>0x8000000000000000</Keywords><TimeCreated SystemTime='2026-04-28T05:54:33.9481151Z'/><EventRecordID>84118</EventRecordID><Correlation/><Execution ProcessID='50304' ThreadID='46940'/><Channel>Application</Channel><Computer>portare</Computer><Security UserID='S-1-5-21-28004937-3012961237-3232809839-1000'/></System><EventData><Data Name='AppName'>NexusRDM.DemoRecorder.exe</Data><Data Name='AppVersion'>1.0.0.0</Data><Data Name='AppTimeStamp'>69c40000</Data><Data Name='ModuleName'>KERNELBASE.dll</Data><Data Name='ModuleVersion'>10.0.26100.8246</Data><Data Name='ModuleTimeStamp'>208e0cb7</Data><Data Name='ExceptionCode'>e0434352</Data><Data Name='FaultingOffset'>00000000000c79da</Data><Data Name='ProcessId'>0xbaec</Data><Data Name='ProcessCreationTime'>0x1dcd6d379ababe6</Data><Data Name='AppPath'>C:\Users\crimson\source\repos\NexusRDM\tools\NexusRDM.DemoRecorder\bin\Debug\net9.0-windows\win-x64\NexusRDM.DemoRecorder.exe</Data><Data Name='ModulePath'>C:\WINDOWS\System32\KERNELBASE.dll</Data><Data Name='IntegratorReportId'>66e393dc-e427-4cb7-b883-1a104b2152bf</Data><Data Name='PackageFullName'></Data><Data Name='PackageRelativeAppId'></Data></EventData></Event><Event xmlns='http://schemas.microsoft.com/win/2004/08/events/event'><System><Provider Name='.NET Runtime'/><EventID Qualifiers='0'>1026</EventID><Version>0</Version><Level>2</Level><Task>0</Task><Opcode>0</Opcode><Keywords>0x80000000000000</Keywords><TimeCreated SystemTime='2026-04-28T05:54:33.8294771Z'/><EventRecordID>84117</EventRecordID><Correlation/><Execution ProcessID='47852' ThreadID='0'/><Channel>Application</Channel><Computer>portare</Computer><Security/></System><EventData><Data>Application: NexusRDM.DemoRecorder.exe
CoreCLR Version: 9.0.1526.17522
.NET Version: 9.0.15
Description: The process was terminated due to an unhandled exception.
Exception Info: System.InvalidOperationException: Couldn't find the 'Start demo' button.
   at Program.&lt;Main&gt;$(String[] args) in C:\Users\crimson\source\repos\NexusRDM\tools\NexusRDM.DemoRecorder\Program.cs:line 56
   at Program.&lt;Main&gt;(String[] args)
</Data></EventData></Event><Event xmlns='http://schemas.microsoft.com/win/2004/08/events/event'><System><Provider Name='Microsoft-Windows-Defrag'/><EventID Qualifiers='32768'>264</EventID><Version>0</Version><Level>2</Level><Task>0</Task><Opcode>0</Opcode><Keywords>0x80000000000000</Keywords><TimeCreated SystemTime='2026-04-28T02:30:57.3957978Z'/><EventRecordID>83967</EventRecordID><Correlation/><Execution ProcessID='28076' ThreadID='0'/><Channel>Application</Channel><Computer>portare</Computer><Security/></System><EventData><Data>defragmentation</Data><Data>External (D:)</Data><Data>Volumes cannot be optimized due to file system type not supported. (0x8900002F)</Data><Binary>000000007D11000079110000000000006294689A69BB55F5E26C1C000000000000000000</Binary></EventData></Event><Event xmlns='http://schemas.microsoft.com/win/2004/08/events/event'><System><Provider Name='Windows App Runtime'/><EventID Qualifiers='32871'>22</EventID><Version>0</Version><Level>2</Level><Task>0</Task><Opcode>0</Opcode><Keywords>0x80000000000000</Keywords><TimeCreated SystemTime='2026-04-27T10:15:42.4739492Z'/><EventRecordID>83467</EventRecordID><Correlation/><Execution ProcessID='17072' ThreadID='0'/><Channel>Application</Channel><Computer>portare</Computer><Security/></System><EventData><Data>Windows App Runtime</Data><Data>ERROR 0x80670016: Bootstrapper initialization failed while looking for version 1.6 (MSIX package version &gt;= 6000.457.2140.0)</Data></EventData></Event><Event xmlns='http://schemas.microsoft.com/win/2004/08/events/event'><System><Provider Name='Application Error' Guid='{a0e9b465-b939-57d7-b27d-95d8e925ff57}'/><EventID>1000</EventID><Version>0</Version><Level>2</Level><Task>100</Task><Opcode>0</Opcode><Keywords>0x8000000000000000</Keywords><TimeCreated SystemTime='2026-04-27T02:17:08.2046302Z'/><EventRecordID>82611</EventRecordID><Correlation/><Execution ProcessID='39772' ThreadID='40200'/><Channel>Application</Channel><Computer>portare</Computer><Security UserID='S-1-5-21-28004937-3012961237-3232809839-1000'/></System><EventData><Data Name='AppName'>NexusRDM.exe</Data><Data Name='AppVersion'>1.0.0.0</Data><Data Name='AppTimeStamp'>69c40000</Data><Data Name='ModuleName'>CoreMessagingXP.dll</Data><Data Name='ModuleVersion'>10.0.26107.1007</Data><Data Name='ModuleTimeStamp'>ccce6375</Data><Data Name='ExceptionCode'>c000027b</Data><Data Name='FaultingOffset'>0000000000095bd6</Data><Data Name='ProcessId'>0x9178</Data><Data Name='ProcessCreationTime'>0x1dcd5ebe94bc83c</Data><Data Name='AppPath'>C:\Users\crimson\source\repos\NexusRDM\src\NexusRDM\bin\x64\Debug\net9.0-windows10.0.19041.0\win-x64\NexusRDM.exe</Data><Data Name='ModulePath'>C:\Users\crimson\source\repos\NexusRDM\src\NexusRDM\bin\x64\Debug\net9.0-windows10.0.19041.0\win-x64\CoreMessagingXP.dll</Data><Data Name='IntegratorReportId'>d559b4d0-88f9-4961-bbd3-1308a3f2a015</Data><Data Name='PackageFullName'></Data><Data Name='PackageRelativeAppId'></Data></EventData></Event><Event xmlns='http://schemas.microsoft.com/win/2004/08/events/event'><System><Provider Name='Application Error' Guid='{a0e9b465-b939-57d7-b27d-95d8e925ff57}'/><EventID>1000</EventID><Version>0</Version><Level>2</Level><Task>100</Task><Opcode>0</Opcode><Keywords>0x8000000000000000</Keywords><TimeCreated SystemTime='2026-04-24T16:13:53.9857297Z'/><EventRecordID>81960</EventRecordID><Correlation/><Execution ProcessID='10540' ThreadID='37200'/><Channel>Application</Channel><Computer>portare</Computer><Security UserID='S-1-5-21-28004937-3012961237-3232809839-1000'/></System><EventData><Data Name='AppName'>NexusRDM.exe</Data><Data Name='AppVersion'>1.0.0.0</Data><Data Name='AppTimeStamp'>69c40000</Data><Data Name='ModuleName'>Microsoft.UI.Xaml.dll</Data><Data Name='ModuleVersion'>3.1.7.0</Data><Data Name='ModuleTimeStamp'>5bbb4d95</Data><Data Name='ExceptionCode'>c000027b</Data><Data Name='FaultingOffset'>0000000000009125</Data><Data Name='ProcessId'>0x6a64</Data><Data Name='ProcessCreationTime'>0x1dcd40556fb2ae6</Data><Data Name='AppPath'>C:\Users\crimson\source\repos\NexusRDM\src\NexusRDM\bin\x64\Debug\net9.0-windows10.0.19041.0\win-x64\NexusRDM.exe</Data><Data Name='ModulePath'>C:\Users\crimson\source\repos\NexusRDM\src\NexusRDM\bin\x64\Debug\net9.0-windows10.0.19041.0\win-x64\Microsoft.UI.Xaml.dll</Data><Data Name='IntegratorReportId'>0cc6f958-e5a1-448a-a069-1e9081766918</Data><Data Name='PackageFullName'></Data><Data Name='PackageRelativeAppId'></Data></EventData></Event><Event xmlns='http://schemas.microsoft.com/win/2004/08/events/event'><System><Provider Name='Application Error' Guid='{a0e9b465-b939-57d7-b27d-95d8e925ff57}'/><EventID>1000</EventID><Version>0</Version><Level>2</Level><Task>100</Task><Opcode>0</Opcode><Keywords>0x8000000000000000</Keywords><TimeCreated SystemTime='2026-04-24T08:54:30.2967279Z'/><EventRecordID>81915</EventRecordID><Correlation/><Execution ProcessID='40344' ThreadID='30324'/><Channel>Application</Channel><Computer>portare</Computer><Security UserID='S-1-5-21-28004937-3012961237-3232809839-1000'/></System><EventData><Data Name='AppName'>NexusRDM.exe</Data><Data Name='AppVersion'>1.0.0.0</Data><Data Name='AppTimeStamp'>69c40000</Data><Data Name='ModuleName'>Microsoft.UI.Xaml.dll</Data><Data Name='ModuleVersion'>3.1.7.0</Data><Data Name='ModuleTimeStamp'>5bbb4d95</Data><Data Name='ExceptionCode'>c000027b</Data><Data Name='FaultingOffset'>0000000000009125</Data><Data Name='ProcessId'>0x909c</Data><Data Name='ProcessCreationTime'>0x1dcd3c7f4de1284</Data><Data Name='AppPath'>C:\Users\crimson\source\repos\NexusRDM\src\NexusRDM\bin\x64\Debug\net9.0-windows10.0.19041.0\win-x64\NexusRDM.exe</Data><Data Name='ModulePath'>C:\Users\crimson\source\repos\NexusRDM\src\NexusRDM\bin\x64\Debug\net9.0-windows10.0.19041.0\win-x64\Microsoft.UI.Xaml.dll</Data><Data Name='IntegratorReportId'>a83dc471-e1bc-4d95-abc6-aa8e723a6562</Data><Data Name='PackageFullName'></Data><Data Name='PackageRelativeAppId'></Data></EventData></Event><Event xmlns='http://schemas.microsoft.com/win/2004/08/events/event'><System><Provider Name='Windows App Runtime'/><EventID Qualifiers='32871'>22</EventID><Version>0</Version><Level>2</Level><Task>0</Task><Opcode>0</Opcode><Keywords>0x80000000000000</Keywords><TimeCreated SystemTime='2026-04-24T08:47:49.4534853Z'/><EventRecordID>81912</EventRecordID><Correlation/><Execution ProcessID='20644' ThreadID='0'/><Channel>Application</Channel><Computer>portare</Computer><Security/></System><EventData><Data>Windows App Runtime</Data><Data>ERROR 0x80670016: Bootstrapper initialization failed while looking for version 1.6 (MSIX package version &gt;= 6000.457.2140.0)</Data></EventData></Event><Event xmlns='http://schemas.microsoft.com/win/2004/08/events/event'><System><Provider Name='Windows App Runtime'/><EventID Qualifiers='32871'>22</EventID><Version>0</Version><Level>2</Level><Task>0</Task><Opcode>0</Opcode><Keywords>0x80000000000000</Keywords><TimeCreated SystemTime='2026-04-24T08:46:15.8953762Z'/><EventRecordID>81911</EventRecordID><Correlation/><Execution ProcessID='38932' ThreadID='0'/><Channel>Application</Channel><Computer>portare</Computer><Security/></System><EventData><Data>Windows App Runtime</Data><Data>ERROR 0x80670016: Bootstrapper initialization failed while looking for version 1.6 (MSIX package version &gt;= 6000.457.2140.0)</Data></EventData></Event><Event xmlns='http://schemas.microsoft.com/win/2004/08/events/event'><System><Provider Name='.NET Runtime'/><EventID Qualifiers='0'>1022</EventID><Version>0</Version><Level>2</Level><Task>0</Task><Opcode>0</Opcode><Keywords>0x80000000000000</Keywords><TimeCreated SystemTime='2026-04-22T21:45:19.1646036Z'/><EventRecordID>81660</EventRecordID><Correlation/><Execution ProcessID='25536' ThreadID='0'/><Channel>Application</Channel><Computer>portare</Computer><Security/></System><EventData><Data>.NET Runtime version 4.0.30319.0 - There was a failure initializing profiling API attach infrastructure.  This process will not allow a profiler to attach.  HRESULT: 0x80004005.  Process ID (decimal): 25536.  Message ID: [0x2509].</Data></EventData></Event><Event xmlns='http://schemas.microsoft.com/win/2004/08/events/event'><System><Provider Name='Microsoft-Windows-Search' Guid='{CA4E628D-8567-4896-AB6B-835B221F373F}' EventSourceName='Windows Search Service'/><EventID Qualifiers='32768'>10024</EventID><Version>0</Version><Level>3</Level><Task>3</Task><Opcode>0</Opcode><Keywords>0x80000000000000</Keywords><TimeCreated SystemTime='2026-04-22T21:44:22.2032927Z'/><EventRecordID>81652</EventRecordID><Correlation/><Execution ProcessID='3804' ThreadID='0'/><Channel>Application</Channel><Computer>portare</Computer><Security/></System><EventData><Data Name='ExtraInfo'>
</Data><Data Name='FilterHostProcessID'>9112</Data></EventData></Event><Event xmlns='http://schemas.microsoft.com/win/2004/08/events/event'><System><Provider Name='Microsoft-Windows-Search' Guid='{CA4E628D-8567-4896-AB6B-835B221F373F}' EventSourceName='Windows Search Service'/><EventID Qualifiers='32768'>10024</EventID><Version>0</Version><Level>3</Level><Task>3</Task><Opcode>0</Opcode><Keywords>0x80000000000000</Keywords><TimeCreated SystemTime='2026-04-22T21:44:22.2010758Z'/><EventRecordID>81651</EventRecordID><Correlation/><Execution ProcessID='3804' ThreadID='0'/><Channel>Application</Channel><Computer>portare</Computer><Security/></System><EventData><Data Name='ExtraInfo'>
</Data><Data Name='FilterHostProcessID'>25412</Data></EventData></Event><Event xmlns='http://schemas.microsoft.com/win/2004/08/events/event'><System><Provider Name='Microsoft-Windows-RestartManager' Guid='{0888e5ef-9b98-4695-979d-e92ce4247224}'/><EventID>10006</EventID><Version>0</Version><Level>2</Level><Task>0</Task><Opcode>0</Opcode><Keywords>0x8000000000000000</Keywords><TimeCreated SystemTime='2026-04-22T21:43:35.9947691Z'/><EventRecordID>81605</EventRecordID><Correlation/><Execution ProcessID='25568' ThreadID='10556'/><Channel>Application</Channel><Computer>portare</Computer><Security UserID='S-1-5-21-28004937-3012961237-3232809839-1000'/></System><UserData><RmApplicationEvent xmlns='http://www.microsoft.com/2005/08/Windows/Reliability/RestartManager/'><RmSessionId>1</RmSessionId><FullPath>C:\Program Files\Microsoft Office\root\Office16\SDXHelper.exe</FullPath><DisplayName>Microsoft Office SDX Helper</DisplayName><AppVersion>0</AppVersion><AppType>2</AppType><TSSessionId>1</TSSessionId><Status>17</Status><Pid>4064</Pid><nFiles>6</nFiles><Files><File>C:\ProgramData\Microsoft\Office\ClickToRunPackageLocker</File><File>C:\Program Files\Microsoft Office\root\Client\C2R64.dll</File><File>C:\Program Files\Microsoft Office\root\Office16\C2R64.dll</File><File>C:\Program Files\Microsoft Office\root\Office16\SDXHelper.exe</File><File>C:\Program Files\Microsoft Office\root\vfs\ProgramFilesCommonX64\Microsoft Shared\Office16\C2R64.dll</File><File>C:\Program Files\Microsoft Office\root\vfs\ProgramFilesX86\Microsoft Office\Office16\C2R64.dll</File></Files></RmApplicationEvent></UserData></Event><Event xmlns='http://schemas.microsoft.com/win/2004/08/events/event'><System><Provider Name='Microsoft-Windows-RestartManager' Guid='{0888e5ef-9b98-4695-979d-e92ce4247224}'/><EventID>10010</EventID><Version>0</Version><Level>3</Level><Task>0</Task><Opcode>0</Opcode><Keywords>0x8000000000000000</Keywords><TimeCreated SystemTime='2026-04-21T19:40:40.8000881Z'/><EventRecordID>80173</EventRecordID><Correlation/><Execution ProcessID='35036' ThreadID='42700'/><Channel>Application</Channel><Computer>portare</Computer><Security UserID='S-1-5-21-28004937-3012961237-3232809839-1000'/></System><UserData><RmUnsupportedRestartEvent xmlns='http://www.microsoft.com/2005/08/Windows/Reliability/RestartManager/'><RmSessionId>0</RmSessionId><Pid>19656</Pid><FullPath>C:\Program Files\WindowsApps\Microsoft.WindowsTerminal_1.24.10921.0_x64__8wekyb3d8bbwe\WindowsTerminal.exe</FullPath><DisplayName>Windows Terminal Host</DisplayName><AppVersion>0</AppVersion><AppType>0</AppType><TSSessionId>1</TSSessionId><Status>67108865</Status><Reason>1</Reason></RmUnsupportedRestartEvent></UserData></Event><Event xmlns='http://schemas.microsoft.com/win/2004/08/events/event'><System><Provider Name='Microsoft-Windows-RestartManager' Guid='{0888e5ef-9b98-4695-979d-e92ce4247224}'/><EventID>10010</EventID><Version>0</Version><Level>3</Level><Task>0</Task><Opcode>0</Opcode><Keywords>0x8000000000000000</Keywords><TimeCreated SystemTime='2026-04-21T19:40:40.6252172Z'/><EventRecordID>80169</EventRecordID><Correlation/><Execution ProcessID='35036' ThreadID='5196'/><Channel>Application</Channel><Computer>portare</Computer><Security UserID='S-1-5-21-28004937-3012961237-3232809839-1000'/></System><UserData><RmUnsupportedRestartEvent xmlns='http://www.microsoft.com/2005/08/Windows/Reliability/RestartManager/'><RmSessionId>0</RmSessionId><Pid>19656</Pid><FullPath>C:\Program Files\WindowsApps\Microsoft.WindowsTerminal_1.24.10921.0_x64__8wekyb3d8bbwe\WindowsTerminal.exe</FullPath><DisplayName>Windows Terminal Host</DisplayName><AppVersion>0</AppVersion><AppType>0</AppType><TSSessionId>1</TSSessionId><Status>67108865</Status><Reason>1</Reason></RmUnsupportedRestartEvent></UserData></Event><Event xmlns='http://schemas.microsoft.com/win/2004/08/events/event'><System><Provider Name='Microsoft-Windows-Defrag'/><EventID Qualifiers='32768'>264</EventID><Version>0</Version><Level>2</Level><Task>0</Task><Opcode>0</Opcode><Keywords>0x80000000000000</Keywords><TimeCreated SystemTime='2026-04-21T03:33:53.5459309Z'/><EventRecordID>80043</EventRecordID><Correlation/><Execution ProcessID='43556' ThreadID='0'/><Channel>Application</Channel><Computer>portare</Computer><Security/></System><EventData><Data>defragmentation</Data><Data>External (D:)</Data><Data>Volumes cannot be optimized due to file system type not supported. (0x8900002F)</Data><Binary>000000007D11000079110000000000006294689A69BB55F5E26C1C000000000000000000</Binary></EventData></Event><Event xmlns='http://schemas.microsoft.com/win/2004/08/events/event'><System><Provider Name='Application Hang' Guid='{c631c3dc-c676-59e4-2db3-5c0af00f9675}'/><EventID>1002</EventID><Version>0</Version><Level>2</Level><Task>101</Task><Opcode>0</Opcode><Keywords>0x8000000000000000</Keywords><TimeCreated SystemTime='2026-04-20T22:17:35.7569202Z'/><EventRecordID>80001</EventRecordID><Correlation/><Execution ProcessID='45232' ThreadID='47020'/><Channel>Application</Channel><Computer>portare</Computer><Security UserID='S-1-5-18'/></System><EventData><Data Name='AppName'>dllhost.exe</Data><Data Name='AppVersion'>10.0.26100.8115</Data><Data Name='ProcessId'>0x2328</Data><Data Name='StartTime'>0x1dcd1134a23251b</Data><Data Name='TerminationTime'>4294967295</Data><Data Name='ExeFileName'>C:\Windows\SysWOW64\dllhost.exe</Data><Data Name='ReportId'>44ac1146-9230-44df-8de4-017380b9d226</Data><Data Name='PackageFullName'>Microsoft.VisualStudioCode_1.0.115.0_neutral__8wekyb3d8bbwe</Data><Data Name='PackageRelativeAppId'>VSCode</Data><Data Name='HangType'>Quiesce</Data></EventData></Event><Event xmlns='http://schemas.microsoft.com/win/2004/08/events/event'><System><Provider Name='Application Error' Guid='{a0e9b465-b939-57d7-b27d-95d8e925ff57}'/><EventID>1000</EventID><Version>0</Version><Level>2</Level><Task>100</Task><Opcode>0</Opcode><Keywords>0x8000000000000000</Keywords><TimeCreated SystemTime='2026-04-20T22:16:01.4542686Z'/><EventRecordID>79990</EventRecordID><Correlation/><Execution ProcessID='50720' ThreadID='50724'/><Channel>Application</Channel><Computer>portare</Computer><Security UserID='S-1-5-18'/></System><EventData><Data Name='AppName'>atieclxx.exe</Data><Data Name='AppVersion'>32.0.23033.1002</Data><Data Name='AppTimeStamp'>69af3358</Data><Data Name='ModuleName'>atieclxx.exe</Data><Data Name='ModuleVersion'>32.0.23033.1002</Data><Data Name='ModuleTimeStamp'>69af3358</Data><Data Name='ExceptionCode'>c000041d</Data><Data Name='FaultingOffset'>00000000000295a0</Data><Data Name='ProcessId'>0x2620</Data><Data Name='ProcessCreationTime'>0x1dcccc348d8844c</Data><Data Name='AppPath'>C:\WINDOWS\System32\DriverStore\FileRepository\u0198975.inf_amd64_cab3843582148687\B025836\atieclxx.exe</Data><Data Name='ModulePath'>C:\WINDOWS\System32\DriverStore\FileRepository\u0198975.inf_amd64_cab3843582148687\B025836\atieclxx.exe</Data><Data Name='IntegratorReportId'>815a1f1e-8727-461b-907d-e25ded70706d</Data><Data Name='PackageFullName'></Data><Data Name='PackageRelativeAppId'></Data></EventData></Event><Event xmlns='http://schemas.microsoft.com/win/2004/08/events/event'><System><Provider Name='Application Error' Guid='{a0e9b465-b939-57d7-b27d-95d8e925ff57}'/><EventID>1000</EventID><Version>0</Version><Level>2</Level><Task>100</Task><Opcode>0</Opcode><Keywords>0x8000000000000000</Keywords><TimeCreated SystemTime='2026-04-20T22:16:00.2346786Z'/><EventRecordID>79989</EventRecordID><Correlation/><Execution ProcessID='50192' ThreadID='50196'/><Channel>Application</Channel><Computer>portare</Computer><Security UserID='S-1-5-18'/></System><EventData><Data Name='AppName'>atieclxx.exe</Data><Data Name='AppVersion'>32.0.23033.1002</Data><Data Name='AppTimeStamp'>69af3358</Data><Data Name='ModuleName'>atieclxx.exe</Data><Data Name='ModuleVersion'>32.0.23033.1002</Data><Data Name='ModuleTimeStamp'>69af3358</Data><Data Name='ExceptionCode'>c0000005</Data><Data Name='FaultingOffset'>00000000000295a0</Data><Data Name='ProcessId'>0x2620</Data><Data Name='ProcessCreationTime'>0x1dcccc348d8844c</Data><Data Name='AppPath'>C:\WINDOWS\System32\DriverStore\FileRepository\u0198975.inf_amd64_cab3843582148687\B025836\atieclxx.exe</Data><Data Name='ModulePath'>C:\WINDOWS\System32\DriverStore\FileRepository\u0198975.inf_amd64_cab3843582148687\B025836\atieclxx.exe</Data><Data Name='IntegratorReportId'>bc0ad8fe-4fb5-48f4-92ea-2729e0434ae4</Data><Data Name='PackageFullName'></Data><Data Name='PackageRelativeAppId'></Data></EventData></Event><Event xmlns='http://schemas.microsoft.com/win/2004/08/events/event'><System><Provider Name='Microsoft-Windows-RestartManager' Guid='{0888e5ef-9b98-4695-979d-e92ce4247224}'/><EventID>10010</EventID><Version>0</Version><Level>3</Level><Task>0</Task><Opcode>0</Opcode><Keywords>0x8000000000000000</Keywords><TimeCreated SystemTime='2026-04-20T22:15:52.1526216Z'/><EventRecordID>79976</EventRecordID><Correlation/><Execution ProcessID='47008' ThreadID='46780'/><Channel>Application</Channel><Computer>portare</Computer><Security UserID='S-1-5-21-28004937-3012961237-3232809839-1000'/></System><UserData><RmUnsupportedRestartEvent xmlns='http://www.microsoft.com/2005/08/Windows/Reliability/RestartManager/'><RmSessionId>0</RmSessionId><Pid>8292</Pid><FullPath>C:\Program Files\WireGuard\wireguard.exe</FullPath><DisplayName>WireGuard: Fast, Modern, Secure VPN Tunnel</DisplayName><AppVersion>0</AppVersion><AppType>0</AppType><TSSessionId>1</TSSessionId><Status>67108865</Status><Reason>1</Reason></RmUnsupportedRestartEvent></UserData></Event><Event xmlns='http://schemas.microsoft.com/win/2004/08/events/event'><System><Provider Name='Universal Print'/><EventID Qualifiers='0'>1</EventID><Version>0</Version><Level>2</Level><Task>0</Task><Opcode>0</Opcode><Keywords>0x80000000000000</Keywords><TimeCreated SystemTime='2026-04-20T13:04:42.0538061Z'/><EventRecordID>79911</EventRecordID><Correlation/><Execution ProcessID='5596' ThreadID='0'/><Channel>Application</Channel><Computer>portare</Computer><Security/></System><EventData><Data>Failed to GetUserSid. hr: 0x8001012d</Data><Data>APMon.dll</Data></EventData></Event><Event xmlns='http://schemas.microsoft.com/win/2004/08/events/event'><System><Provider Name='Universal Print'/><EventID Qualifiers='0'>1</EventID><Version>0</Version><Level>2</Level><Task>0</Task><Opcode>0</Opcode><Keywords>0x80000000000000</Keywords><TimeCreated SystemTime='2026-04-20T13:04:42.0528039Z'/><EventRecordID>79909</EventRecordID><Correlation/><Execution ProcessID='5596' ThreadID='0'/><Channel>Application</Channel><Computer>portare</Computer><Security/></System><EventData><Data>Failed to GetUserSid. hr: 0x8001012d</Data><Data>APMon.dll</Data></EventData></Event><Event xmlns='http://schemas.microsoft.com/win/2004/08/events/event'><System><Provider Name='.NET Runtime'/><EventID Qualifiers='0'>1022</EventID><Version>0</Version><Level>2</Level><Task>0</Task><Opcode>0</Opcode><Keywords>0x80000000000000</Keywords><TimeCreated SystemTime='2026-04-19T13:19:03.5341446Z'/><EventRecordID>79758</EventRecordID><Correlation/><Execution ProcessID='32340' ThreadID='0'/><Channel>Application</Channel><Computer>portare</Computer><Security/></System><EventData><Data>.NET Runtime version 4.0.30319.0 - There was a failure initializing profiling API attach infrastructure.  This process will not allow a profiler to attach.  HRESULT: 0x80004005.  Process ID (decimal): 32340.  Message ID: [0x2509].</Data></EventData></Event><Event xmlns='http://schemas.microsoft.com/win/2004/08/events/event'><System><Provider Name='Universal Print'/><EventID Qualifiers='0'>1</EventID><Version>0</Version><Level>2</Level><Task>0</Task><Opcode>0</Opcode><Keywords>0x80000000000000</Keywords><TimeCreated SystemTime='2026-04-19T02:33:57.6622222Z'/><EventRecordID>79646</EventRecordID><Correlation/><Execution ProcessID='5596' ThreadID='0'/><Channel>Application</Channel><Computer>portare</Computer><Security/></System><EventData><Data>Failed to GetUserSid. hr: 0x8001012d</Data><Data>APMon.dll</Data></EventData></Event><Event xmlns='http://schemas.microsoft.com/win/2004/08/events/event'><System><Provider Name='Universal Print'/><EventID Qualifiers='0'>1</EventID><Version>0</Version><Level>2</Level><Task>0</Task><Opcode>0</Opcode><Keywords>0x80000000000000</Keywords><TimeCreated SystemTime='2026-04-19T02:33:57.6612384Z'/><EventRecordID>79644</EventRecordID><Correlation/><Execution ProcessID='5596' ThreadID='0'/><Channel>Application</Channel><Computer>portare</Computer><Security/></System><EventData><Data>Failed to GetUserSid. hr: 0x8001012d</Data><Data>APMon.dll</Data></EventData></Event><Event xmlns='http://schemas.microsoft.com/win/2004/08/events/event'><System><Provider Name='Universal Print'/><EventID Qualifiers='0'>1</EventID><Version>0</Version><Level>2</Level><Task>0</Task><Opcode>0</Opcode><Keywords>0x80000000000000</Keywords><TimeCreated SystemTime='2026-04-18T10:58:46.6343005Z'/><EventRecordID>79552</EventRecordID><Correlation/><Execution ProcessID='5596' ThreadID='0'/><Channel>Application</Channel><Computer>portare</Computer><Security/></System><EventData><Data>Failed to GetUserSid. hr: 0x8001012d</Data><Data>APMon.dll</Data></EventData></Event>
</Events>
