<Event xmlns='http://schemas.microsoft.com/win/2004/08/events/event'><System><Provider Name='.NET Runtime'/><EventID Qualifiers='0'>1026</EventID><Version>0</Version><Level>2</Level><Task>0</Task><Opcode>0</Opcode><Keywords>0x80000000000000</Keywords><TimeCreated SystemTime='2026-05-10T08:05:47.5833375Z'/><EventRecordID>88460</EventRecordID><Correlation/><Execution ProcessID='2668' ThreadID='0'/><Channel>Application</Channel><Computer>portare</Computer><Security/></System><EventData><Data>Application: SimpleEventViewer.exe
CoreCLR Version: 8.0.2626.16921
.NET Version: 8.0.26
Description: The process was terminated due to an unhandled exception.
Exception Info: System.NullReferenceException: Object reference not set to an instance of an object.
   at SimpleEventViewer.MainWindow.RefreshButton_Click(Object sender, RoutedEventArgs e) in C:\Users\crimson\source\repos\SimpleEventViewer\MainWindow.xaml.cs:line 59
   at System.Windows.EventRoute.InvokeHandlersImpl(Object source, RoutedEventArgs args, Boolean reRaised)
   at System.Windows.UIElement.RaiseEventImpl(DependencyObject sender, RoutedEventArgs args)
   at System.Windows.Controls.Primitives.ButtonBase.OnClick()
   at System.Windows.Controls.Button.OnClick()
   at System.Windows.Controls.Primitives.ButtonBase.OnMouseLeftButtonUp(MouseButtonEventArgs e)
   at System.Windows.RoutedEventArgs.InvokeHandler(Delegate handler, Object target)
   at System.Windows.EventRoute.InvokeHandlersImpl(Object source, RoutedEventArgs args, Boolean reRaised)
   at System.Windows.UIElement.ReRaiseEventAs(DependencyObject sender, RoutedEventArgs args, RoutedEvent newEvent)
   at System.Windows.RoutedEventArgs.InvokeHandler(Delegate handler, Object target)
   at System.Windows.EventRoute.InvokeHandlersImpl(Object source, RoutedEventArgs args, Boolean reRaised)
   at System.Windows.UIElement.RaiseEventImpl(DependencyObject sender, RoutedEventArgs args)
   at System.Windows.UIElement.RaiseTrustedEvent(RoutedEventArgs args)
   at System.Windows.Input.InputManager.ProcessStagingArea()
   at System.Windows.Input.InputProviderSite.ReportInput(InputReport inputReport)
   at System.Windows.Interop.HwndMouseInputProvider.ReportInput(IntPtr hwnd, InputMode mode, Int32 timestamp, RawMouseActions actions, Int32 x, Int32 y, Int32 wheel)
   at System.Windows.Interop.HwndMouseInputProvider.FilterMessage(IntPtr hwnd, WindowMessage msg, IntPtr wParam, IntPtr lParam, Boolean&amp; handled)
   at System.Windows.Interop.HwndSource.InputFilterMessage(IntPtr hwnd, Int32 msg, IntPtr wParam, IntPtr lParam, Boolean&amp; handled)
   at MS.Win32.HwndWrapper.WndProc(IntPtr hwnd, Int32 msg, IntPtr wParam, IntPtr lParam, Boolean&amp; handled)
   at MS.Win32.HwndSubclass.DispatcherCallbackOperation(Object o)
   at System.Windows.Threading.ExceptionWrapper.InternalRealCall(Delegate callback, Object args, Int32 numArgs)
   at System.Windows.Threading.ExceptionWrapper.TryCatchWhen(Object source, Delegate callback, Object args, Int32 numArgs, Delegate catchHandler)
   at System.Windows.Threading.Dispatcher.LegacyInvokeImpl(DispatcherPriority priority, TimeSpan timeout, Delegate method, Object args, Int32 numArgs)
   at MS.Win32.HwndSubclass.SubclassWndProc(IntPtr hwnd, Int32 msg, IntPtr wParam, IntPtr lParam)
   at MS.Win32.UnsafeNativeMethods.DispatchMessage(MSG&amp; msg)
   at System.Windows.Threading.Dispatcher.PushFrameImpl(DispatcherFrame frame)
   at System.Windows.Application.RunDispatcher(Object ignore)
   at System.Windows.Application.RunInternal(Window window)
   at SimpleEventViewer.App.Main()
</Data></EventData></Event><Event xmlns='http://schemas.microsoft.com/win/2004/08/events/event'><System><Provider Name='.NET Runtime'/><EventID Qualifiers='0'>1026</EventID><Version>0</Version><Level>2</Level><Task>0</Task><Opcode>0</Opcode><Keywords>0x80000000000000</Keywords><TimeCreated SystemTime='2026-05-10T06:16:39.8429709Z'/><EventRecordID>88319</EventRecordID><Correlation/><Execution ProcessID='3104' ThreadID='0'/><Channel>Application</Channel><Computer>portare</Computer><Security/></System><EventData><Data>Application: SimpleEventViewer.exe
CoreCLR Version: 8.0.2626.16921
.NET Version: 8.0.26
Description: The process was terminated due to an unhandled exception.
Exception Info: System.NullReferenceException: Object reference not set to an instance of an object.
   at SimpleEventViewer.MainWindow.RefreshButton_Click(Object sender, RoutedEventArgs e) in C:\Users\crimson\source\repos\SimpleEventViewer\MainWindow.xaml.cs:line 59
   at System.Windows.EventRoute.InvokeHandlersImpl(Object source, RoutedEventArgs args, Boolean reRaised)
   at System.Windows.UIElement.RaiseEventImpl(DependencyObject sender, RoutedEventArgs args)
   at System.Windows.Controls.Primitives.ButtonBase.OnClick()
   at System.Windows.Controls.Button.OnClick()
   at System.Windows.Controls.Primitives.ButtonBase.OnMouseLeftButtonUp(MouseButtonEventArgs e)
   at System.Windows.RoutedEventArgs.InvokeHandler(Delegate handler, Object target)
   at System.Windows.EventRoute.InvokeHandlersImpl(Object source, RoutedEventArgs args, Boolean reRaised)
   at System.Windows.UIElement.ReRaiseEventAs(DependencyObject sender, RoutedEventArgs args, RoutedEvent newEvent)
   at System.Windows.RoutedEventArgs.InvokeHandler(Delegate handler, Object target)
   at System.Windows.EventRoute.InvokeHandlersImpl(Object source, RoutedEventArgs args, Boolean reRaised)
   at System.Windows.UIElement.RaiseEventImpl(DependencyObject sender, RoutedEventArgs args)
   at System.Windows.UIElement.RaiseTrustedEvent(RoutedEventArgs args)
   at System.Windows.Input.InputManager.ProcessStagingArea()
   at System.Windows.Input.InputProviderSite.ReportInput(InputReport inputReport)
   at System.Windows.Interop.HwndMouseInputProvider.ReportInput(IntPtr hwnd, InputMode mode, Int32 timestamp, RawMouseActions actions, Int32 x, Int32 y, Int32 wheel)
   at System.Windows.Interop.HwndMouseInputProvider.FilterMessage(IntPtr hwnd, WindowMessage msg, IntPtr wParam, IntPtr lParam, Boolean&amp; handled)
   at System.Windows.Interop.HwndSource.InputFilterMessage(IntPtr hwnd, Int32 msg, IntPtr wParam, IntPtr lParam, Boolean&amp; handled)
   at System.Windows.Threading.ExceptionWrapper.InternalRealCall(Delegate callback, Object args, Int32 numArgs)
   at System.Windows.Threading.ExceptionWrapper.TryCatchWhen(Object source, Delegate callback, Object args, Int32 numArgs, Delegate catchHandler)
   at System.Windows.Threading.Dispatcher.LegacyInvokeImpl(DispatcherPriority priority, TimeSpan timeout, Delegate method, Object args, Int32 numArgs)
   at MS.Win32.HwndSubclass.SubclassWndProc(IntPtr hwnd, Int32 msg, IntPtr wParam, IntPtr lParam)
   at MS.Win32.UnsafeNativeMethods.DispatchMessage(MSG&amp; msg)
   at System.Windows.Threading.Dispatcher.PushFrameImpl(DispatcherFrame frame)
   at System.Windows.Application.RunDispatcher(Object ignore)
   at System.Windows.Application.RunInternal(Window window)
   at SimpleEventViewer.App.Main()
</Data></EventData></Event><Event xmlns='http://schemas.microsoft.com/win/2004/08/events/event'><System><Provider Name='Application Error' Guid='{a0e9b465-b939-57d7-b27d-95d8e925ff57}'/><EventID>1000</EventID><Version>0</Version><Level>2</Level><Task>100</Task><Opcode>0</Opcode><Keywords>0x8000000000000000</Keywords><TimeCreated SystemTime='2026-05-10T02:22:43.0592742Z'/><EventRecordID>88233</EventRecordID><Correlation/><Execution ProcessID='21076' ThreadID='24044'/><Channel>Application</Channel><Computer>portare</Computer><Security UserID='S-1-5-21-28004937-3012961237-3232809839-1000'/></System><EventData><Data Name='AppName'>NexusRDM.exe</Data><Data Name='AppVersion'>1.0.0.0</Data><Data Name='AppTimeStamp'>69c40000</Data><Data Name='ModuleName'>CoreMessagingXP.dll</Data><Data Name='ModuleVersion'>10.0.26107.1007</Data><Data Name='ModuleTimeStamp'>ccce6375</Data><Data Name='ExceptionCode'>c000027b</Data><Data Name='FaultingOffset'>0000000000095bd6</Data><Data Name='ProcessId'>0x7478</Data><Data Name='ProcessCreationTime'>0x1dce023c64e98a0</Data><Data Name='AppPath'>C:\Users\crimson\source\repos\NexusRDM\src\NexusRDM\bin\x64\Debug\net9.0-windows10.0.19041.0\win-x64\NexusRDM.exe</Data><Data Name='ModulePath'>C:\Users\crimson\source\repos\NexusRDM\src\NexusRDM\bin\x64\Debug\net9.0-windows10.0.19041.0\win-x64\CoreMessagingXP.dll</Data><Data Name='IntegratorReportId'>87f70857-a411-403f-aa76-a5cf064ef3ce</Data><Data Name='PackageFullName'></Data><Data Name='PackageRelativeAppId'></Data></EventData></Event><Event xmlns='http://schemas.microsoft.com/win/2004/08/events/event'><System><Provider Name='Application Error' Guid='{a0e9b465-b939-57d7-b27d-95d8e925ff57}'/><EventID>1000</EventID><Version>0</Version><Level>2</Level><Task>100</Task><Opcode>0</Opcode><Keywords>0x8000000000000000</Keywords><TimeCreated SystemTime='2026-05-09T22:04:56.8116990Z'/><EventRecordID>88157</EventRecordID><Correlation/><Execution ProcessID='29304' ThreadID='41272'/><Channel>Application</Channel><Computer>portare</Computer><Security UserID='S-1-5-21-28004937-3012961237-3232809839-1000'/></System><EventData><Data Name='AppName'>firefox.exe</Data><Data Name='AppVersion'>150.0.2.771</Data><Data Name='AppTimeStamp'>69ef89ea</Data><Data Name='ModuleName'>xul.dll</Data><Data Name='ModuleVersion'>150.0.2.771</Data><Data Name='ModuleTimeStamp'>69ef8a3a</Data><Data Name='ExceptionCode'>80000003</Data><Data Name='FaultingOffset'>0000000005ce4bc1</Data><Data Name='ProcessId'>0xc098</Data><Data Name='ProcessCreationTime'>0x1dcddd14bf8bd67</Data><Data Name='AppPath'>C:\Program Files\Mozilla Firefox\firefox.exe</Data><Data Name='ModulePath'>C:\Program Files\Mozilla Firefox\xul.dll</Data><Data Name='IntegratorReportId'>5254539e-ec4a-4455-88ba-ac0768f2e203</Data><Data Name='PackageFullName'></Data><Data Name='PackageRelativeAppId'></Data></EventData></Event><Event xmlns='http://schemas.microsoft.com/win/2004/08/events/event'><System><Provider Name='.NET Runtime'/><EventID Qualifiers='0'>1022</EventID><Version>0</Version><Level>2</Level><Task>0</Task><Opcode>0</Opcode><Keywords>0x80000000000000</Keywords><TimeCreated SystemTime='2026-05-09T10:32:33.5454439Z'/><EventRecordID>86394</EventRecordID><Correlation/><Execution ProcessID='49088' ThreadID='0'/><Channel>Application</Channel><Computer>portare</Computer><Security/></System><EventData><Data>.NET Runtime version 4.0.30319.0 - There was a failure initializing profiling API attach infrastructure.  This process will not allow a profiler to attach.  HRESULT: 0x80004005.  Process ID (decimal): 49088.  Message ID: [0x2509].</Data></EventData></Event><Event xmlns='http://schemas.microsoft.com/win/2004/08/events/event'><System><Provider Name='Application Error' Guid='{a0e9b465-b939-57d7-b27d-95d8e925ff57}'/><EventID>1000</EventID><Version>0</Version><Level>2</Level><Task>100</Task><Opcode>0</Opcode><Keywords>0x8000000000000000</Keywords><TimeCreated SystemTime='2026-05-07T18:59:36.3060808Z'/><EventRecordID>86132</EventRecordID><Correlation/><Execution ProcessID='42400' ThreadID='18476'/><Channel>Application</Channel><Computer>portare</Computer><Security UserID='S-1-5-18'/></System><EventData><Data Name='AppName'>atieclxx.exe</Data><Data Name='AppVersion'>32.0.31007.1017</Data><Data Name='AppTimeStamp'>69f115e9</Data><Data Name='ModuleName'>atieclxx.exe</Data><Data Name='ModuleVersion'>32.0.31007.1017</Data><Data Name='ModuleTimeStamp'>69f115e9</Data><Data Name='ExceptionCode'>c000041d</Data><Data Name='FaultingOffset'>0000000000028870</Data><Data Name='ProcessId'>0x7634</Data><Data Name='ProcessCreationTime'>0x1dcde3386f09cc4</Data><Data Name='AppPath'>C:\WINDOWS\System32\DriverStore\FileRepository\u0200434.inf_amd64_03ee5a22b45fd656\B025997\atieclxx.exe</Data><Data Name='ModulePath'>C:\WINDOWS\System32\DriverStore\FileRepository\u0200434.inf_amd64_03ee5a22b45fd656\B025997\atieclxx.exe</Data><Data Name='IntegratorReportId'>8255adda-c105-4147-8cd2-bd56ea54b9b4</Data><Data Name='PackageFullName'></Data><Data Name='PackageRelativeAppId'></Data></EventData></Event><Event xmlns='http://schemas.microsoft.com/win/2004/08/events/event'><System><Provider Name='Application Error' Guid='{a0e9b465-b939-57d7-b27d-95d8e925ff57}'/><EventID>1000</EventID><Version>0</Version><Level>2</Level><Task>100</Task><Opcode>0</Opcode><Keywords>0x8000000000000000</Keywords><TimeCreated SystemTime='2026-05-07T18:59:35.9772239Z'/><EventRecordID>86131</EventRecordID><Correlation/><Execution ProcessID='57252' ThreadID='10184'/><Channel>Application</Channel><Computer>portare</Computer><Security UserID='S-1-5-18'/></System><EventData><Data Name='AppName'>atieclxx.exe</Data><Data Name='AppVersion'>32.0.31007.1017</Data><Data Name='AppTimeStamp'>69f115e9</Data><Data Name='ModuleName'>atieclxx.exe</Data><Data Name='ModuleVersion'>32.0.31007.1017</Data><Data Name='ModuleTimeStamp'>69f115e9</Data><Data Name='ExceptionCode'>c0000005</Data><Data Name='FaultingOffset'>0000000000028870</Data><Data Name='ProcessId'>0x7634</Data><Data Name='ProcessCreationTime'>0x1dcde3386f09cc4</Data><Data Name='AppPath'>C:\WINDOWS\System32\DriverStore\FileRepository\u0200434.inf_amd64_03ee5a22b45fd656\B025997\atieclxx.exe</Data><Data Name='ModulePath'>C:\WINDOWS\System32\DriverStore\FileRepository\u0200434.inf_amd64_03ee5a22b45fd656\B025997\atieclxx.exe</Data><Data Name='IntegratorReportId'>1c1afab5-c28c-4219-b403-1ebf03f91c3c</Data><Data Name='PackageFullName'></Data><Data Name='PackageRelativeAppId'></Data></EventData></Event><Event xmlns='http://schemas.microsoft.com/win/2004/08/events/event'><System><Provider Name='Microsoft-Windows-RestartManager' Guid='{0888e5ef-9b98-4695-979d-e92ce4247224}'/><EventID>10010</EventID><Version>0</Version><Level>3</Level><Task>0</Task><Opcode>0</Opcode><Keywords>0x8000000000000000</Keywords><TimeCreated SystemTime='2026-05-07T15:09:11.2672578Z'/><EventRecordID>86062</EventRecordID><Correlation/><Execution ProcessID='33604' ThreadID='47140'/><Channel>Application</Channel><Computer>portare</Computer><Security UserID='S-1-5-18'/></System><UserData><RmUnsupportedRestartEvent xmlns='http://www.microsoft.com/2005/08/Windows/Reliability/RestartManager/'><RmSessionId>0</RmSessionId><Pid>18940</Pid><FullPath>C:\Program Files\AMD\CNext\CNext\CPUMetricsServer.exe</FullPath><DisplayName>Radeon Settings: CPU Metrics Server</DisplayName><AppVersion>0</AppVersion><AppType>0</AppType><TSSessionId>1</TSSessionId><Status>67108865</Status><Reason>1</Reason></RmUnsupportedRestartEvent></UserData></Event><Event xmlns='http://schemas.microsoft.com/win/2004/08/events/event'><System><Provider Name='Microsoft-Windows-RestartManager' Guid='{0888e5ef-9b98-4695-979d-e92ce4247224}'/><EventID>10010</EventID><Version>0</Version><Level>3</Level><Task>0</Task><Opcode>0</Opcode><Keywords>0x8000000000000000</Keywords><TimeCreated SystemTime='2026-05-07T15:09:11.2249485Z'/><EventRecordID>86059</EventRecordID><Correlation/><Execution ProcessID='42316' ThreadID='38252'/><Channel>Application</Channel><Computer>portare</Computer><Security UserID='S-1-5-18'/></System><UserData><RmUnsupportedRestartEvent xmlns='http://www.microsoft.com/2005/08/Windows/Reliability/RestartManager/'><RmSessionId>0</RmSessionId><Pid>18940</Pid><FullPath>C:\Program Files\AMD\CNext\CNext\CPUMetricsServer.exe</FullPath><DisplayName>Radeon Settings: CPU Metrics Server</DisplayName><AppVersion>0</AppVersion><AppType>0</AppType><TSSessionId>1</TSSessionId><Status>67108865</Status><Reason>1</Reason></RmUnsupportedRestartEvent></UserData></Event><Event xmlns='http://schemas.microsoft.com/win/2004/08/events/event'><System><Provider Name='Microsoft-Windows-RestartManager' Guid='{0888e5ef-9b98-4695-979d-e92ce4247224}'/><EventID>10010</EventID><Version>0</Version><Level>3</Level><Task>0</Task><Opcode>0</Opcode><Keywords>0x8000000000000000</Keywords><TimeCreated SystemTime='2026-05-07T15:09:03.1666292Z'/><EventRecordID>86050</EventRecordID><Correlation/><Execution ProcessID='33604' ThreadID='47140'/><Channel>Application</Channel><Computer>portare</Computer><Security UserID='S-1-5-18'/></System><UserData><RmUnsupportedRestartEvent xmlns='http://www.microsoft.com/2005/08/Windows/Reliability/RestartManager/'><RmSessionId>0</RmSessionId><Pid>18940</Pid><FullPath>C:\Program Files\AMD\CNext\CNext\CPUMetricsServer.exe</FullPath><DisplayName>Radeon Settings: CPU Metrics Server</DisplayName><AppVersion>0</AppVersion><AppType>0</AppType><TSSessionId>1</TSSessionId><Status>67108865</Status><Reason>1</Reason></RmUnsupportedRestartEvent></UserData></Event><Event xmlns='http://schemas.microsoft.com/win/2004/08/events/event'><System><Provider Name='Microsoft-Windows-RestartManager' Guid='{0888e5ef-9b98-4695-979d-e92ce4247224}'/><EventID>10010</EventID><Version>0</Version><Level>3</Level><Task>0</Task><Opcode>0</Opcode><Keywords>0x8000000000000000</Keywords><TimeCreated SystemTime='2026-05-07T15:09:03.1218118Z'/><EventRecordID>86047</EventRecordID><Correlation/><Execution ProcessID='42316' ThreadID='38896'/><Channel>Application</Channel><Computer>portare</Computer><Security UserID='S-1-5-18'/></System><UserData><RmUnsupportedRestartEvent xmlns='http://www.microsoft.com/2005/08/Windows/Reliability/RestartManager/'><RmSessionId>0</RmSessionId><Pid>18940</Pid><FullPath>C:\Program Files\AMD\CNext\CNext\CPUMetricsServer.exe</FullPath><DisplayName>Radeon Settings: CPU Metrics Server</DisplayName><AppVersion>0</AppVersion><AppType>0</AppType><TSSessionId>1</TSSessionId><Status>67108865</Status><Reason>1</Reason></RmUnsupportedRestartEvent></UserData></Event><Event xmlns='http://schemas.microsoft.com/win/2004/08/events/event'><System><Provider Name='Application Hang' Guid='{c631c3dc-c676-59e4-2db3-5c0af00f9675}'/><EventID>1002</EventID><Version>0</Version><Level>2</Level><Task>101</Task><Opcode>0</Opcode><Keywords>0x8000000000000000</Keywords><TimeCreated SystemTime='2026-05-07T03:26:29.2959111Z'/><EventRecordID>85969</EventRecordID><Correlation/><Execution ProcessID='12004' ThreadID='49020'/><Channel>Application</Channel><Computer>portare</Computer><Security UserID='S-1-5-18'/></System><EventData><Data Name='AppName'>firefox.exe</Data><Data Name='AppVersion'>150.0.1.535</Data><Data Name='ProcessId'>0x9bac</Data><Data Name='StartTime'>0x1dcdb7067c6e241</Data><Data Name='TerminationTime'>19</Data><Data Name='ExeFileName'>C:\Program Files\Mozilla Firefox\firefox.exe</Data><Data Name='ReportId'>6432f179-3544-4a4e-8a4e-b8fc3632fe69</Data><Data Name='PackageFullName'></Data><Data Name='PackageRelativeAppId'></Data><Data Name='HangType'>Unknown</Data></EventData></Event><Event xmlns='http://schemas.microsoft.com/win/2004/08/events/event'><System><Provider Name='Application Hang' Guid='{c631c3dc-c676-59e4-2db3-5c0af00f9675}'/><EventID>1002</EventID><Version>0</Version><Level>2</Level><Task>101</Task><Opcode>0</Opcode><Keywords>0x8000000000000000</Keywords><TimeCreated SystemTime='2026-05-06T02:18:51.4023089Z'/><EventRecordID>85815</EventRecordID><Correlation/><Execution ProcessID='54112' ThreadID='46684'/><Channel>Application</Channel><Computer>portare</Computer><Security UserID='S-1-5-18'/></System><EventData><Data Name='AppName'>ShellExperienceHost.exe</Data><Data Name='AppVersion'>10.0.26100.8115</Data><Data Name='ProcessId'>0xbafc</Data><Data Name='StartTime'>0x1dcdcfea0c277d1</Data><Data Name='TerminationTime'>4294967295</Data><Data Name='ExeFileName'>C:\Windows\SystemApps\ShellExperienceHost_cw5n1h2txyewy\ShellExperienceHost.exe</Data><Data Name='ReportId'>51f94536-fad1-437f-b677-5fde93c39d40</Data><Data Name='PackageFullName'>Microsoft.Windows.ShellExperienceHost_10.0.26100.8115_neutral_neutral_cw5n1h2txyewy</Data><Data Name='PackageRelativeAppId'>App</Data><Data Name='HangType'>Quiesce</Data></EventData></Event><Event xmlns='http://schemas.microsoft.com/win/2004/08/events/event'><System><Provider Name='Application Hang' Guid='{c631c3dc-c676-59e4-2db3-5c0af00f9675}'/><EventID>1002</EventID><Version>0</Version><Level>2</Level><Task>101</Task><Opcode>0</Opcode><Keywords>0x8000000000000000</Keywords><TimeCreated SystemTime='2026-05-06T02:06:47.2223492Z'/><EventRecordID>85812</EventRecordID><Correlation/><Execution ProcessID='19436' ThreadID='40016'/><Channel>Application</Channel><Computer>portare</Computer><Security UserID='S-1-5-18'/></System><EventData><Data Name='AppName'>svchost.exe</Data><Data Name='AppVersion'>10.0.26100.7705</Data><Data Name='ProcessId'>0x143c</Data><Data Name='StartTime'>0x1dcd27820541ae4</Data><Data Name='TerminationTime'>4294967295</Data><Data Name='ExeFileName'>C:\Windows\System32\svchost.exe</Data><Data Name='ReportId'>86d9703e-fe0b-4cac-962b-c159c767746a</Data><Data Name='PackageFullName'></Data><Data Name='PackageRelativeAppId'></Data><Data Name='HangType'>Cross-process</Data></EventData></Event><Event xmlns='http://schemas.microsoft.com/win/2004/08/events/event'><System><Provider Name='Application Hang' Guid='{c631c3dc-c676-59e4-2db3-5c0af00f9675}'/><EventID>1002</EventID><Version>0</Version><Level>2</Level><Task>101</Task><Opcode>0</Opcode><Keywords>0x8000000000000000</Keywords><TimeCreated SystemTime='2026-05-06T02:06:16.3760287Z'/><EventRecordID>85811</EventRecordID><Correlation/><Execution ProcessID='19436' ThreadID='55380'/><Channel>Application</Channel><Computer>portare</Computer><Security UserID='S-1-5-18'/></System><EventData><Data Name='AppName'>ShellExperienceHost.exe</Data><Data Name='AppVersion'>10.0.26100.8115</Data><Data Name='ProcessId'>0x26ac</Data><Data Name='StartTime'>0x1dcd278b0727fa2</Data><Data Name='TerminationTime'>4294967295</Data><Data Name='ExeFileName'>C:\Windows\SystemApps\ShellExperienceHost_cw5n1h2txyewy\ShellExperienceHost.exe</Data><Data Name='ReportId'>860d328e-3f39-4097-ab0e-3b1c2c54702f</Data><Data Name='PackageFullName'>Microsoft.Windows.ShellExperienceHost_10.0.26100.8115_neutral_neutral_cw5n1h2txyewy</Data><Data Name='PackageRelativeAppId'>App</Data><Data Name='HangType'>Quiesce</Data></EventData></Event><Event xmlns='http://schemas.microsoft.com/win/2004/08/events/event'><System><Provider Name='.NET Runtime'/><EventID Qualifiers='0'>1022</EventID><Version>0</Version><Level>2</Level><Task>0</Task><Opcode>0</Opcode><Keywords>0x80000000000000</Keywords><TimeCreated SystemTime='2026-05-04T20:37:36.9795757Z'/><EventRecordID>85613</EventRecordID><Correlation/><Execution ProcessID='53676' ThreadID='0'/><Channel>Application</Channel><Computer>portare</Computer><Security/></System><EventData><Data>.NET Runtime version 4.0.30319.0 - There was a failure initializing profiling API attach infrastructure.  This process will not allow a profiler to attach.  HRESULT: 0x80004005.  Process ID (decimal): 53676.  Message ID: [0x2509].</Data></EventData></Event><Event xmlns='http://schemas.microsoft.com/win/2004/08/events/event'><System><Provider Name='Microsoft-Windows-Search' Guid='{CA4E628D-8567-4896-AB6B-835B221F373F}' EventSourceName='Windows Search Service'/><EventID Qualifiers='32768'>10024</EventID><Version>0</Version><Level>3</Level><Task>3</Task><Opcode>0</Opcode><Keywords>0x80000000000000</Keywords><TimeCreated SystemTime='2026-05-04T20:36:42.0805785Z'/><EventRecordID>85605</EventRecordID><Correlation/><Execution ProcessID='54644' ThreadID='0'/><Channel>Application</Channel><Computer>portare</Computer><Security/></System><EventData><Data Name='ExtraInfo'>
</Data><Data Name='FilterHostProcessID'>37796</Data></EventData></Event><Event xmlns='http://schemas.microsoft.com/win/2004/08/events/event'><System><Provider Name='Microsoft-Windows-Search' Guid='{CA4E628D-8567-4896-AB6B-835B221F373F}' EventSourceName='Windows Search Service'/><EventID Qualifiers='32768'>10024</EventID><Version>0</Version><Level>3</Level><Task>3</Task><Opcode>0</Opcode><Keywords>0x80000000000000</Keywords><TimeCreated SystemTime='2026-05-04T20:36:42.0778899Z'/><EventRecordID>85604</EventRecordID><Correlation/><Execution ProcessID='54644' ThreadID='0'/><Channel>Application</Channel><Computer>portare</Computer><Security/></System><EventData><Data Name='ExtraInfo'>
</Data><Data Name='FilterHostProcessID'>18764</Data></EventData></Event><Event xmlns='http://schemas.microsoft.com/win/2004/08/events/event'><System><Provider Name='Microsoft-Windows-Search' Guid='{CA4E628D-8567-4896-AB6B-835B221F373F}' EventSourceName='Windows Search Service'/><EventID Qualifiers='32768'>10024</EventID><Version>0</Version><Level>3</Level><Task>3</Task><Opcode>0</Opcode><Keywords>0x80000000000000</Keywords><TimeCreated SystemTime='2026-05-04T20:36:26.7705731Z'/><EventRecordID>85597</EventRecordID><Correlation/><Execution ProcessID='17812' ThreadID='0'/><Channel>Application</Channel><Computer>portare</Computer><Security/></System><EventData><Data Name='ExtraInfo'>
</Data><Data Name='FilterHostProcessID'>42712</Data></EventData></Event><Event xmlns='http://schemas.microsoft.com/win/2004/08/events/event'><System><Provider Name='Microsoft-Windows-Search' Guid='{CA4E628D-8567-4896-AB6B-835B221F373F}' EventSourceName='Windows Search Service'/><EventID Qualifiers='32768'>10024</EventID><Version>0</Version><Level>3</Level><Task>3</Task><Opcode>0</Opcode><Keywords>0x80000000000000</Keywords><TimeCreated SystemTime='2026-05-04T20:36:26.7686844Z'/><EventRecordID>85596</EventRecordID><Correlation/><Execution ProcessID='17812' ThreadID='0'/><Channel>Application</Channel><Computer>portare</Computer><Security/></System><EventData><Data Name='ExtraInfo'>
</Data><Data Name='FilterHostProcessID'>49088</Data></EventData></Event><Event xmlns='http://schemas.microsoft.com/win/2004/08/events/event'><System><Provider Name='Microsoft-Windows-Search' Guid='{CA4E628D-8567-4896-AB6B-835B221F373F}' EventSourceName='Windows Search Service'/><EventID Qualifiers='32768'>10024</EventID><Version>0</Version><Level>3</Level><Task>3</Task><Opcode>0</Opcode><Keywords>0x80000000000000</Keywords><TimeCreated SystemTime='2026-05-04T20:36:26.7666372Z'/><EventRecordID>85595</EventRecordID><Correlation/><Execution ProcessID='17812' ThreadID='0'/><Channel>Application</Channel><Computer>portare</Computer><Security/></System><EventData><Data Name='ExtraInfo'>
</Data><Data Name='FilterHostProcessID'>56620</Data></EventData></Event><Event xmlns='http://schemas.microsoft.com/win/2004/08/events/event'><System><Provider Name='Microsoft-Windows-Search' Guid='{CA4E628D-8567-4896-AB6B-835B221F373F}' EventSourceName='Windows Search Service'/><EventID Qualifiers='32768'>10024</EventID><Version>0</Version><Level>3</Level><Task>3</Task><Opcode>0</Opcode><Keywords>0x80000000000000</Keywords><TimeCreated SystemTime='2026-05-04T20:36:26.7653576Z'/><EventRecordID>85594</EventRecordID><Correlation/><Execution ProcessID='17812' ThreadID='0'/><Channel>Application</Channel><Computer>portare</Computer><Security/></System><EventData><Data Name='ExtraInfo'>
</Data><Data Name='FilterHostProcessID'>28516</Data></EventData></Event><Event xmlns='http://schemas.microsoft.com/win/2004/08/events/event'><System><Provider Name='Microsoft-Windows-Search' Guid='{CA4E628D-8567-4896-AB6B-835B221F373F}' EventSourceName='Windows Search Service'/><EventID Qualifiers='32768'>10024</EventID><Version>0</Version><Level>3</Level><Task>3</Task><Opcode>0</Opcode><Keywords>0x80000000000000</Keywords><TimeCreated SystemTime='2026-05-04T20:36:26.7631971Z'/><EventRecordID>85593</EventRecordID><Correlation/><Execution ProcessID='17812' ThreadID='0'/><Channel>Application</Channel><Computer>portare</Computer><Security/></System><EventData><Data Name='ExtraInfo'>
</Data><Data Name='FilterHostProcessID'>48324</Data></EventData></Event><Event xmlns='http://schemas.microsoft.com/win/2004/08/events/event'><System><Provider Name='Microsoft-Windows-RestartManager' Guid='{0888e5ef-9b98-4695-979d-e92ce4247224}'/><EventID>10006</EventID><Version>0</Version><Level>2</Level><Task>0</Task><Opcode>0</Opcode><Keywords>0x8000000000000000</Keywords><TimeCreated SystemTime='2026-05-04T20:35:55.4465188Z'/><EventRecordID>85553</EventRecordID><Correlation/><Execution ProcessID='19680' ThreadID='52528'/><Channel>Application</Channel><Computer>portare</Computer><Security UserID='S-1-5-21-28004937-3012961237-3232809839-1000'/></System><UserData><RmApplicationEvent xmlns='http://www.microsoft.com/2005/08/Windows/Reliability/RestartManager/'><RmSessionId>1</RmSessionId><FullPath>C:\Program Files\Microsoft Office\root\Office16\SDXHelper.exe</FullPath><DisplayName>Microsoft Office SDX Helper</DisplayName><AppVersion>0</AppVersion><AppType>2</AppType><TSSessionId>1</TSSessionId><Status>17</Status><Pid>26544</Pid><nFiles>6</nFiles><Files><File>C:\ProgramData\Microsoft\Office\ClickToRunPackageLocker</File><File>C:\Program Files\Microsoft Office\root\Client\C2R64.dll</File><File>C:\Program Files\Microsoft Office\root\Office16\C2R64.dll</File><File>C:\Program Files\Microsoft Office\root\Office16\SDXHelper.exe</File><File>C:\Program Files\Microsoft Office\root\vfs\ProgramFilesCommonX64\Microsoft Shared\Office16\C2R64.dll</File><File>C:\Program Files\Microsoft Office\root\vfs\ProgramFilesX86\Microsoft Office\Office16\C2R64.dll</File></Files></RmApplicationEvent></UserData></Event><Event xmlns='http://schemas.microsoft.com/win/2004/08/events/event'><System><Provider Name='Microsoft-Windows-Search' Guid='{CA4E628D-8567-4896-AB6B-835B221F373F}' EventSourceName='Windows Search Service'/><EventID Qualifiers='32768'>10024</EventID><Version>0</Version><Level>3</Level><Task>3</Task><Opcode>0</Opcode><Keywords>0x80000000000000</Keywords><TimeCreated SystemTime='2026-05-04T04:45:08.4293592Z'/><EventRecordID>85443</EventRecordID><Correlation/><Execution ProcessID='17812' ThreadID='0'/><Channel>Application</Channel><Computer>portare</Computer><Security/></System><EventData><Data Name='ExtraInfo'>
</Data><Data Name='FilterHostProcessID'>26260</Data></EventData></Event><Event xmlns='http://schemas.microsoft.com/win/2004/08/events/event'><System><Provider Name='Application Hang' Guid='{c631c3dc-c676-59e4-2db3-5c0af00f9675}'/><EventID>1002</EventID><Version>0</Version><Level>2</Level><Task>101</Task><Opcode>0</Opcode><Keywords>0x8000000000000000</Keywords><TimeCreated SystemTime='2026-05-03T10:27:19.5113402Z'/><EventRecordID>85324</EventRecordID><Correlation/><Execution ProcessID='46144' ThreadID='16780'/><Channel>Application</Channel><Computer>portare</Computer><Security UserID='S-1-5-18'/></System><EventData><Data Name='AppName'>dllhost.exe</Data><Data Name='AppVersion'>10.0.26100.8115</Data><Data Name='ProcessId'>0xaef8</Data><Data Name='StartTime'>0x1dcd9c49ccd436f</Data><Data Name='TerminationTime'>4294967295</Data><Data Name='ExeFileName'>C:\Windows\SysWOW64\dllhost.exe</Data><Data Name='ReportId'>fad97a31-05b4-447b-82ca-f76e2b7a567d</Data><Data Name='PackageFullName'>Microsoft.VisualStudioCode_1.0.118.1_neutral__8wekyb3d8bbwe</Data><Data Name='PackageRelativeAppId'>VSCode</Data><Data Name='HangType'>Quiesce</Data></EventData></Event><Event xmlns='http://schemas.microsoft.com/win/2004/08/events/event'><System><Provider Name='VBScriptDeprecationAlert'/><EventID Qualifiers='0'>4096</EventID><Version>0</Version><Level>3</Level><Task>0</Task><Opcode>0</Opcode><Keywords>0x80000000000000</Keywords><TimeCreated SystemTime='2026-05-02T20:03:40.2085567Z'/><EventRecordID>85226</EventRecordID><Correlation/><Execution ProcessID='37212' ThreadID='0'/><Channel>Application</Channel><Computer>portare</Computer><Security/></System><EventData><Data>VBScript is scheduled for deprecation. Our telemetry indicates that your system is currently utilizing VBScript.
We strongly recommend identifying and migrating away from any VBScript dependencies at the earliest.

The following process has been detected as using VBScript. The associated process tree and call stack are provided below to assist in identifying the scenario in which VBScript was invoked.
</Data><Data>ProcessName = "msiexec.exe"</Data><Data>ProcessTree = "msiexec.exe;msiexec.exe;services.exe;wininit.exe"</Data><Data>CallStack = "vbscript.dll+0x3DA9A;vbscript.dll+0x3CD30;vbscript.dll+0x341E1;msi.dll+0x157415;msi.dll+0x153544;msi.dll+0x1150C6;RPCRT4.dll+0x46064;RPCRT4.dll+0x56C5;combase.dll+0x7A791;RPCRT4.dll+0x41A1A;combase.dll+0x7A3C8;combase.dll+0x7A0BD;combase.dll+0x1D0FD8;combase.dll+0x109C9E;combase.dll+0x14A6B2;combase.dll+0x15486F;combase.dll+0x14E9D1;combase.dll+0x14941C;combase.dll+0x10DC0C;RPCRT4.dll+0x11B10;RPCRT4.dll+0x11A37;RPCRT4.dll+0x11816;RPCRT4.dll+0x106B5;RPCRT4.dll+0xFE1F;RPCRT4.dll+0xF543;RPCRT4.dll+0x20057;RPCRT4.dll+0x2D753;ntdll.dll+0x581E1;ntdll.dll+0x5681B;KERNEL32.DLL+0x15D49;ntdll.dll+0x6D83B;ntdll.dll+0x6D7C1"</Data><Data>ProcessTreeEnhanced = "msiexec.exe("&lt;path&gt;\MsiExec.exe -Embedding 5CF24443632F82B167C327F8840317FC C");msiexec.exe;services.exe;wininit.exe"</Data></EventData></Event><Event xmlns='http://schemas.microsoft.com/win/2004/08/events/event'><System><Provider Name='Application Hang' Guid='{c631c3dc-c676-59e4-2db3-5c0af00f9675}'/><EventID>1002</EventID><Version>0</Version><Level>2</Level><Task>101</Task><Opcode>0</Opcode><Keywords>0x8000000000000000</Keywords><TimeCreated SystemTime='2026-04-30T11:45:28.4053809Z'/><EventRecordID>84865</EventRecordID><Correlation/><Execution ProcessID='36368' ThreadID='44764'/><Channel>Application</Channel><Computer>portare</Computer><Security UserID='S-1-5-18'/></System><EventData><Data Name='AppName'>dllhost.exe</Data><Data Name='AppVersion'>10.0.26100.8115</Data><Data Name='ProcessId'>0x3e2c</Data><Data Name='StartTime'>0x1dcd2b906627890</Data><Data Name='TerminationTime'>4294967295</Data><Data Name='ExeFileName'>C:\Windows\System32\dllhost.exe</Data><Data Name='ReportId'>a145720e-5013-4059-a527-38a550c50027</Data><Data Name='PackageFullName'>Microsoft.MicrosoftOfficeHub_19.2604.50081.0_x64__8wekyb3d8bbwe</Data><Data Name='PackageRelativeAppId'>Microsoft.MicrosoftOfficeHub</Data><Data Name='HangType'>Quiesce</Data></EventData></Event><Event xmlns='http://schemas.microsoft.com/win/2004/08/events/event'><System><Provider Name='Application Hang' Guid='{c631c3dc-c676-59e4-2db3-5c0af00f9675}'/><EventID>1002</EventID><Version>0</Version><Level>2</Level><Task>101</Task><Opcode>0</Opcode><Keywords>0x8000000000000000</Keywords><TimeCreated SystemTime='2026-04-29T10:28:37.0694083Z'/><EventRecordID>84598</EventRecordID><Correlation/><Execution ProcessID='26124' ThreadID='20516'/><Channel>Application</Channel><Computer>portare</Computer><Security UserID='S-1-5-18'/></System><EventData><Data Name='AppName'>dllhost.exe</Data><Data Name='AppVersion'>10.0.26100.8115</Data><Data Name='ProcessId'>0x4e10</Data><Data Name='StartTime'>0x1dcd2824b2f1bf7</Data><Data Name='TerminationTime'>4294967295</Data><Data Name='ExeFileName'>C:\Windows\SysWOW64\dllhost.exe</Data><Data Name='ReportId'>fbc0e5ae-e6c0-40ba-8754-e07ae5e06454</Data><Data Name='PackageFullName'>Microsoft.VisualStudioCode_1.0.117.0_neutral__8wekyb3d8bbwe</Data><Data Name='PackageRelativeAppId'>VSCode</Data><Data Name='HangType'>Quiesce</Data></EventData></Event><Event xmlns='http://schemas.microsoft.com/win/2004/08/events/event'><System><Provider Name='Application Error' Guid='{a0e9b465-b939-57d7-b27d-95d8e925ff57}'/><EventID>1000</EventID><Version>0</Version><Level>2</Level><Task>100</Task><Opcode>0</Opcode><Keywords>0x8000000000000000</Keywords><TimeCreated SystemTime='2026-04-28T07:58:04.5234563Z'/><EventRecordID>84389</EventRecordID><Correlation/><Execution ProcessID='47724' ThreadID='46912'/><Channel>Application</Channel><Computer>portare</Computer><Security UserID='S-1-5-21-28004937-3012961237-3232809839-1000'/></System><EventData><Data Name='AppName'>NexusRDM.DemoRecorder.exe</Data><Data Name='AppVersion'>1.0.0.0</Data><Data Name='AppTimeStamp'>69c40000</Data><Data Name='ModuleName'>KERNELBASE.dll</Data><Data Name='ModuleVersion'>10.0.26100.8246</Data><Data Name='ModuleTimeStamp'>208e0cb7</Data><Data Name='ExceptionCode'>e0434352</Data><Data Name='FaultingOffset'>00000000000c79da</Data><Data Name='ProcessId'>0xa26c</Data><Data Name='ProcessCreationTime'>0x1dcd6e4b35eae61</Data><Data Name='AppPath'>C:\Users\crimson\source\repos\NexusRDM\tools\NexusRDM.DemoRecorder\bin\Debug\net9.0-windows\win-x64\NexusRDM.DemoRecorder.exe</Data><Data Name='ModulePath'>C:\WINDOWS\System32\KERNELBASE.dll</Data><Data Name='IntegratorReportId'>820437c9-733c-4979-b362-534353adf39b</Data><Data Name='PackageFullName'></Data><Data Name='PackageRelativeAppId'></Data></EventData></Event><Event xmlns='http://schemas.microsoft.com/win/2004/08/events/event'><System><Provider Name='.NET Runtime'/><EventID Qualifiers='0'>1026</EventID><Version>0</Version><Level>2</Level><Task>0</Task><Opcode>0</Opcode><Keywords>0x80000000000000</Keywords><TimeCreated SystemTime='2026-04-28T07:58:04.4365472Z'/><EventRecordID>84388</EventRecordID><Correlation/><Execution ProcessID='41580' ThreadID='0'/><Channel>Application</Channel><Computer>portare</Computer><Security/></System><EventData><Data>Application: NexusRDM.DemoRecorder.exe
CoreCLR Version: 9.0.1526.17522
.NET Version: 9.0.15
Description: The process was terminated due to an unhandled exception.
Exception Info: System.Runtime.InteropServices.COMException (0x80040201): An event was unable to invoke any of the subscribers (0x80040201)
   at Interop.UIAutomationClient.IUIAutomationElement.GetCurrentPropertyValueEx(Int32 propertyId, Int32 ignoreDefaultValue)
   at FlaUI.Core.FrameworkAutomationElementBase.TryGetPropertyValue[T](PropertyId property, T&amp; value)
   at FlaUI.Core.AutomationProperty`1.TryGetValue(TVal&amp; value)
   at FlaUI.Core.AutomationProperty`1.get_ValueOrDefault()
   at FlaUI.Core.AutomationElements.AutomationElement.get_BoundingRectangle()
   at NexusRDM.DemoRecorder.GifRecorder.RecordAsync(AutomationElement element, Int32 durationSeconds, Int32 captureFps, Func`1 driveUi) in C:\Users\crimson\source\repos\NexusRDM\tools\NexusRDM.DemoRecorder\GifRecorder.cs:line 228
   at Program.&lt;Main&gt;$(String[] args) in C:\Users\crimson\source\repos\NexusRDM\tools\NexusRDM.DemoRecorder\Program.cs:line 245
   at Program.&lt;Main&gt;(String[] args)
</Data></EventData></Event><Event xmlns='http://schemas.microsoft.com/win/2004/08/events/event'><System><Provider Name='Application Error' Guid='{a0e9b465-b939-57d7-b27d-95d8e925ff57}'/><EventID>1000</EventID><Version>0</Version><Level>2</Level><Task>100</Task><Opcode>0</Opcode><Keywords>0x8000000000000000</Keywords><TimeCreated SystemTime='2026-04-28T07:56:05.2666939Z'/><EventRecordID>84386</EventRecordID><Correlation/><Execution ProcessID='47956' ThreadID='42472'/><Channel>Application</Channel><Computer>portare</Computer><Security UserID='S-1-5-21-28004937-3012961237-3232809839-1000'/></System><EventData><Data Name='AppName'>NexusRDM.DemoRecorder.exe</Data><Data Name='AppVersion'>1.0.0.0</Data><Data Name='AppTimeStamp'>69c40000</Data><Data Name='ModuleName'>KERNELBASE.dll</Data><Data Name='ModuleVersion'>10.0.26100.8246</Data><Data Name='ModuleTimeStamp'>208e0cb7</Data><Data Name='ExceptionCode'>e0434352</Data><Data Name='FaultingOffset'>00000000000c79da</Data><Data Name='ProcessId'>0x86fc</Data><Data Name='ProcessCreationTime'>0x1dcd6e44da1e866</Data><Data Name='AppPath'>C:\Users\crimson\source\repos\NexusRDM\tools\NexusRDM.DemoRecorder\bin\Debug\net9.0-windows\win-x64\NexusRDM.DemoRecorder.exe</Data><Data Name='ModulePath'>C:\WINDOWS\System32\KERNELBASE.dll</Data><Data Name='IntegratorReportId'>5d3fd01c-8c90-4959-8e4a-e6c02926880a</Data><Data Name='PackageFullName'></Data><Data Name='PackageRelativeAppId'></Data></EventData></Event><Event xmlns='http://schemas.microsoft.com/win/2004/08/events/event'><System><Provider Name='.NET Runtime'/><EventID Qualifiers='0'>1026</EventID><Version>0</Version><Level>2</Level><Task>0</Task><Opcode>0</Opcode><Keywords>0x80000000000000</Keywords><TimeCreated SystemTime='2026-04-28T07:56:05.1364441Z'/><EventRecordID>84385</EventRecordID><Correlation/><Execution ProcessID='34556' ThreadID='0'/><Channel>Application</Channel><Computer>portare</Computer><Security/></System><EventData><Data>Application: NexusRDM.DemoRecorder.exe
CoreCLR Version: 9.0.1526.17522
.NET Version: 9.0.15
Description: The process was terminated due to an unhandled exception.
Exception Info: System.Runtime.InteropServices.COMException (0x8000FFFF): Catastrophic failure (0x8000FFFF (E_UNEXPECTED))
   at Interop.UIAutomationClient.IUIAutomationElement.GetCurrentPropertyValueEx(Int32 propertyId, Int32 ignoreDefaultValue)
   at FlaUI.Core.FrameworkAutomationElementBase.TryGetPropertyValue[T](PropertyId property, T&amp; value)
   at FlaUI.Core.AutomationProperty`1.TryGetValue(TVal&amp; value)
   at FlaUI.Core.AutomationProperty`1.get_ValueOrDefault()
   at FlaUI.Core.AutomationElements.AutomationElement.get_BoundingRectangle()
   at NexusRDM.DemoRecorder.Snap.Window(AutomationElement element, String path) in C:\Users\crimson\source\repos\NexusRDM\tools\NexusRDM.DemoRecorder\Snap.cs:line 20
   at Program.&lt;Main&gt;$(String[] args) in C:\Users\crimson\source\repos\NexusRDM\tools\NexusRDM.DemoRecorder\Program.cs:line 375
   at Program.&lt;Main&gt;(String[] args)
</Data></EventData></Event><Event xmlns='http://schemas.microsoft.com/win/2004/08/events/event'><System><Provider Name='Application Error' Guid='{a0e9b465-b939-57d7-b27d-95d8e925ff57}'/><EventID>1000</EventID><Version>0</Version><Level>2</Level><Task>100</Task><Opcode>0</Opcode><Keywords>0x8000000000000000</Keywords><TimeCreated SystemTime='2026-04-28T07:49:35.0651250Z'/><EventRecordID>84383</EventRecordID><Correlation/><Execution ProcessID='39660' ThreadID='44140'/><Channel>Application</Channel><Computer>portare</Computer><Security UserID='S-1-5-21-28004937-3012961237-3232809839-1000'/></System><EventData><Data Name='AppName'>NexusRDM.DemoRecorder.exe</Data><Data Name='AppVersion'>1.0.0.0</Data><Data Name='AppTimeStamp'>69c40000</Data><Data Name='ModuleName'>KERNELBASE.dll</Data><Data Name='ModuleVersion'>10.0.26100.8246</Data><Data Name='ModuleTimeStamp'>208e0cb7</Data><Data Name='ExceptionCode'>e0434352</Data><Data Name='FaultingOffset'>00000000000c79da</Data><Data Name='ProcessId'>0x7cd8</Data><Data Name='ProcessCreationTime'>0x1dcd6e384f8ec2b</Data><Data Name='AppPath'>C:\Users\crimson\source\repos\NexusRDM\tools\NexusRDM.DemoRecorder\bin\Debug\net9.0-windows\win-x64\NexusRDM.DemoRecorder.exe</Data><Data Name='ModulePath'>C:\WINDOWS\System32\KERNELBASE.dll</Data><Data Name='IntegratorReportId'>23cfb271-9c58-4468-9f33-ce7ae99091c3</Data><Data Name='PackageFullName'></Data><Data Name='PackageRelativeAppId'></Data></EventData></Event><Event xmlns='http://schemas.microsoft.com/win/2004/08/events/event'><System><Provider Name='.NET Runtime'/><EventID Qualifiers='0'>1026</EventID><Version>0</Version><Level>2</Level><Task>0</Task><Opcode>0</Opcode><Keywords>0x80000000000000</Keywords><TimeCreated SystemTime='2026-04-28T07:49:34.9718195Z'/><EventRecordID>84382</EventRecordID><Correlation/><Execution ProcessID='31960' ThreadID='0'/><Channel>Application</Channel><Computer>portare</Computer><Security/></System><EventData><Data>Application: NexusRDM.DemoRecorder.exe
CoreCLR Version: 9.0.1526.17522
.NET Version: 9.0.15
Description: The process was terminated due to an unhandled exception.
Exception Info: System.InvalidOperationException: Demo rows didn't appear after activating demo mode. Refusing to take screenshots ù they would expose your real connections.
   at Program.&lt;Main&gt;$(String[] args) in C:\Users\crimson\source\repos\NexusRDM\tools\NexusRDM.DemoRecorder\Program.cs:line 110
   at Program.&lt;Main&gt;(String[] args)
</Data></EventData></Event><Event xmlns='http://schemas.microsoft.com/win/2004/08/events/event'><System><Provider Name='Application Error' Guid='{a0e9b465-b939-57d7-b27d-95d8e925ff57}'/><EventID>1000</EventID><Version>0</Version><Level>2</Level><Task>100</Task><Opcode>0</Opcode><Keywords>0x8000000000000000</Keywords><TimeCreated SystemTime='2026-04-28T07:49:08.8047876Z'/><EventRecordID>84381</EventRecordID><Correlation/><Execution ProcessID='45832' ThreadID='30816'/><Channel>Application</Channel><Computer>portare</Computer><Security UserID='S-1-5-21-28004937-3012961237-3232809839-1000'/></System><EventData><Data Name='AppName'>NexusRDM.DemoRecorder.exe</Data><Data Name='AppVersion'>1.0.0.0</Data><Data Name='AppTimeStamp'>69c40000</Data><Data Name='ModuleName'>KERNELBASE.dll</Data><Data Name='ModuleVersion'>10.0.26100.8246</Data><Data Name='ModuleTimeStamp'>208e0cb7</Data><Data Name='ExceptionCode'>e0434352</Data><Data Name='FaultingOffset'>00000000000c79da</Data><Data Name='ProcessId'>0xc710</Data><Data Name='ProcessCreationTime'>0x1dcd6e37e94d921</Data><Data Name='AppPath'>C:\Users\crimson\source\repos\NexusRDM\tools\NexusRDM.DemoRecorder\bin\Debug\net9.0-windows\win-x64\NexusRDM.DemoRecorder.exe</Data><Data Name='ModulePath'>C:\WINDOWS\System32\KERNELBASE.dll</Data><Data Name='IntegratorReportId'>41ef6929-5b2f-42ab-afb4-e3b8c0737ae0</Data><Data Name='PackageFullName'></Data><Data Name='PackageRelativeAppId'></Data></EventData></Event><Event xmlns='http://schemas.microsoft.com/win/2004/08/events/event'><System><Provider Name='.NET Runtime'/><EventID Qualifiers='0'>1026</EventID><Version>0</Version><Level>2</Level><Task>0</Task><Opcode>0</Opcode><Keywords>0x80000000000000</Keywords><TimeCreated SystemTime='2026-04-28T07:49:08.6872590Z'/><EventRecordID>84380</EventRecordID><Correlation/><Execution ProcessID='50960' ThreadID='0'/><Channel>Application</Channel><Computer>portare</Computer><Security/></System><EventData><Data>Application: NexusRDM.DemoRecorder.exe
CoreCLR Version: 9.0.1526.17522
.NET Version: 9.0.15
Description: The process was terminated due to an unhandled exception.
Exception Info: System.IO.FileNotFoundException: Couldn't locate a built NexusRDM.exe under bin\x64\Debug. Build the app first: msbuild src\NexusRDM\NexusRDM.csproj /p:Configuration=Debug /p:Platform=x64
   at Program.&lt;Main&gt;$(String[] args) in C:\Users\crimson\source\repos\NexusRDM\tools\NexusRDM.DemoRecorder\Program.cs:line 41
   at Program.&lt;Main&gt;(String[] args)
</Data></EventData></Event><Event xmlns='http://schemas.microsoft.com/win/2004/08/events/event'><System><Provider Name='Application Error' Guid='{a0e9b465-b939-57d7-b27d-95d8e925ff57}'/><EventID>1000</EventID><Version>0</Version><Level>2</Level><Task>100</Task><Opcode>0</Opcode><Keywords>0x8000000000000000</Keywords><TimeCreated SystemTime='2026-04-28T06:10:32.8737912Z'/><EventRecordID>84363</EventRecordID><Correlation/><Execution ProcessID='47548' ThreadID='37872'/><Channel>Application</Channel><Computer>portare</Computer><Security UserID='S-1-5-21-28004937-3012961237-3232809839-1000'/></System><EventData><Data Name='AppName'>NexusRDM.DemoRecorder.exe</Data><Data Name='AppVersion'>1.0.0.0</Data><Data Name='AppTimeStamp'>69c40000</Data><Data Name='ModuleName'>KERNELBASE.dll</Data><Data Name='ModuleVersion'>10.0.26100.8246</Data><Data Name='ModuleTimeStamp'>208e0cb7</Data><Data Name='ExceptionCode'>e0434352</Data><Data Name='FaultingOffset'>00000000000c79da</Data><Data Name='ProcessId'>0x8b6c</Data><Data Name='ProcessCreationTime'>0x1dcd6d5b6f87133</Data><Data Name='AppPath'>C:\Users\crimson\source\repos\NexusRDM\tools\NexusRDM.DemoRecorder\bin\Debug\net9.0-windows\win-x64\NexusRDM.DemoRecorder.exe</Data><Data Name='ModulePath'>C:\WINDOWS\System32\KERNELBASE.dll</Data><Data Name='IntegratorReportId'>ecf0e4df-ef36-4dbc-960f-3694ee6fbad7</Data><Data Name='PackageFullName'></Data><Data Name='PackageRelativeAppId'></Data></EventData></Event><Event xmlns='http://schemas.microsoft.com/win/2004/08/events/event'><System><Provider Name='.NET Runtime'/><EventID Qualifiers='0'>1026</EventID><Version>0</Version><Level>2</Level><Task>0</Task><Opcode>0</Opcode><Keywords>0x80000000000000</Keywords><TimeCreated SystemTime='2026-04-28T06:10:32.7900205Z'/><EventRecordID>84362</EventRecordID><Correlation/><Execution ProcessID='35692' ThreadID='0'/><Channel>Application</Channel><Computer>portare</Computer><Security/></System><EventData><Data>Application: NexusRDM.DemoRecorder.exe
CoreCLR Version: 9.0.1526.17522
.NET Version: 9.0.15
Description: The process was terminated due to an unhandled exception.
Exception Info: FlaUI.Core.Exceptions.PropertyNotSupportedException: The requested property 'Name [#30005]' is not supported
   at FlaUI.Core.FrameworkAutomationElementBase.GetPropertyValue[T](PropertyId property)
   at FlaUI.Core.AutomationProperty`1.get_Value()
   at FlaUI.Core.AutomationElements.AutomationElement.get_Name()
   at Program.&lt;&lt;Main&gt;$&gt;g__FindButtonByLabel|0_4(Window root, String label) in C:\Users\crimson\source\repos\NexusRDM\tools\NexusRDM.DemoRecorder\Program.cs:line 255
   at Program.&lt;Main&gt;$(String[] args) in C:\Users\crimson\source\repos\NexusRDM\tools\NexusRDM.DemoRecorder\Program.cs:line 80
   at Program.&lt;Main&gt;(String[] args)
</Data></EventData></Event>