<?xml version="1.0" encoding="utf-8"?>
<Events>
<Event xmlns='http://schemas.microsoft.com/win/2004/08/events/event'><System><Provider Name='Application Hang' Guid='{c631c3dc-c676-59e4-2db3-5c0af00f9675}'/><EventID>1002</EventID><Version>0</Version><Level>2</Level><Task>101</Task><Opcode>0</Opcode><Keywords>0x8000000000000000</Keywords><TimeCreated SystemTime='2026-05-12T03:46:50.0039793Z'/><EventRecordID>91542</EventRecordID><Correlation/><Execution ProcessID='54536' ThreadID='16464'/><Channel>Application</Channel><Computer>portare</Computer><Security UserID='S-1-5-18'/></System><EventData><Data Name='AppName'>SimpleEventViewer.WinUI.exe</Data><Data Name='AppVersion'>1.0.0.0</Data><Data Name='ProcessId'>0xa0c</Data><Data Name='StartTime'>0x1dce1c1cba4b6ae</Data><Data Name='TerminationTime'>39</Data><Data Name='ExeFileName'>C:\Users\crimson\source\repos\SimpleEventViewer.WinUI\bin\Debug\net10.0-windows10.0.26100.0\win-x64\AppX\SimpleEventViewer.WinUI.exe</Data><Data Name='ReportId'>036557a9-fbcd-44b0-9386-452f8e646e52</Data><Data Name='PackageFullName'>AF922A60-D6AB-4215-BA5E-98EAB55DFBB2_1.0.0.0_x64__1z32rh13vfry6</Data><Data Name='PackageRelativeAppId'>App</Data><Data Name='HangType'>Unknown</Data></EventData></Event><Event xmlns='http://schemas.microsoft.com/win/2004/08/events/event'><System><Provider Name='.NET Runtime'/><EventID Qualifiers='0'>1026</EventID><Version>0</Version><Level>2</Level><Task>0</Task><Opcode>0</Opcode><Keywords>0x80000000000000</Keywords><TimeCreated SystemTime='2026-05-12T03:18:06.1146020Z'/><EventRecordID>91304</EventRecordID><Correlation/><Execution ProcessID='30632' ThreadID='0'/><Channel>Application</Channel><Computer>portare</Computer><Security/></System><EventData><Data>Application: SimpleEventViewer.WinUI.exe
CoreCLR Version: 10.0.626.17701
.NET Version: 10.0.6
Description: The process was terminated due to an unhandled exception.
Exception Info: System.Runtime.InteropServices.COMException (0x80040154): Class not registered (0x80040154 (REGDB_E_CLASSNOTREG))
   at System.Runtime.InteropServices.Marshal.ThrowExceptionForHR(Int32 errorCode)
   at WinRT.ActivationFactory.Get(String typeName)
   at Microsoft.Windows.ApplicationModel.WindowsAppRuntime.DeploymentInitializeOptions.get__objRef_global__Microsoft_Windows_ApplicationModel_WindowsAppRuntime_DeploymentInitializeOptions()
   at Microsoft.Windows.ApplicationModel.WindowsAppRuntime.DeploymentInitializeOptions..ctor()
   at Microsoft.Windows.ApplicationModel.WindowsAppRuntime.DeploymentManagerCS.AutoInitialize.get_Options() in C:\Users\crimson\.nuget\packages\microsoft.windowsappsdk.foundation\2.0.20\include\DeploymentManagerAutoInitializer.cs:line 44
   at Microsoft.Windows.ApplicationModel.WindowsAppRuntime.DeploymentManagerCS.AutoInitialize.AccessWindowsAppSDK() in C:\Users\crimson\.nuget\packages\microsoft.windowsappsdk.foundation\2.0.20\include\DeploymentManagerAutoInitializer.cs:line 30
   at Microsoft.Windows.ApplicationModel.WindowsAppRuntime.Common.AutoInitialize.InitializeWindowsAppSDK() in C:\Users\crimson\.nuget\packages\microsoft.windowsappsdk.foundation\2.0.20\include\WindowsAppRuntimeAutoInitializer.cs:line 22
   at .cctor()
</Data></EventData></Event><Event xmlns='http://schemas.microsoft.com/win/2004/08/events/event'><System><Provider Name='.NET Runtime'/><EventID Qualifiers='0'>1026</EventID><Version>0</Version><Level>2</Level><Task>0</Task><Opcode>0</Opcode><Keywords>0x80000000000000</Keywords><TimeCreated SystemTime='2026-05-12T03:18:05.9981133Z'/><EventRecordID>91303</EventRecordID><Correlation/><Execution ProcessID='35400' ThreadID='0'/><Channel>Application</Channel><Computer>portare</Computer><Security/></System><EventData><Data>Application: SimpleEventViewer.WinUI.exe
CoreCLR Version: 10.0.626.17701
.NET Version: 10.0.6
Description: The process was terminated due to an unhandled exception.
Exception Info: System.Runtime.InteropServices.COMException (0x80040154): Class not registered (0x80040154 (REGDB_E_CLASSNOTREG))
   at System.Runtime.InteropServices.Marshal.ThrowExceptionForHR(Int32 errorCode)
   at WinRT.ActivationFactory.Get(String typeName)
   at Microsoft.Windows.ApplicationModel.WindowsAppRuntime.DeploymentInitializeOptions.get__objRef_global__Microsoft_Windows_ApplicationModel_WindowsAppRuntime_DeploymentInitializeOptions()
   at Microsoft.Windows.ApplicationModel.WindowsAppRuntime.DeploymentInitializeOptions..ctor()
   at Microsoft.Windows.ApplicationModel.WindowsAppRuntime.DeploymentManagerCS.AutoInitialize.get_Options() in C:\Users\crimson\.nuget\packages\microsoft.windowsappsdk.foundation\2.0.20\include\DeploymentManagerAutoInitializer.cs:line 44
   at Microsoft.Windows.ApplicationModel.WindowsAppRuntime.DeploymentManagerCS.AutoInitialize.AccessWindowsAppSDK() in C:\Users\crimson\.nuget\packages\microsoft.windowsappsdk.foundation\2.0.20\include\DeploymentManagerAutoInitializer.cs:line 30
   at Microsoft.Windows.ApplicationModel.WindowsAppRuntime.Common.AutoInitialize.InitializeWindowsAppSDK() in C:\Users\crimson\.nuget\packages\microsoft.windowsappsdk.foundation\2.0.20\include\WindowsAppRuntimeAutoInitializer.cs:line 22
   at .cctor()
</Data></EventData></Event><Event xmlns='http://schemas.microsoft.com/win/2004/08/events/event'><System><Provider Name='.NET Runtime'/><EventID Qualifiers='0'>1026</EventID><Version>0</Version><Level>2</Level><Task>0</Task><Opcode>0</Opcode><Keywords>0x80000000000000</Keywords><TimeCreated SystemTime='2026-05-12T03:18:05.8358793Z'/><EventRecordID>91302</EventRecordID><Correlation/><Execution ProcessID='7700' ThreadID='0'/><Channel>Application</Channel><Computer>portare</Computer><Security/></System><EventData><Data>Application: SimpleEventViewer.WinUI.exe
CoreCLR Version: 10.0.626.17701
.NET Version: 10.0.6
Description: The process was terminated due to an unhandled exception.
Exception Info: System.Runtime.InteropServices.COMException (0x80040154): Class not registered (0x80040154 (REGDB_E_CLASSNOTREG))
   at System.Runtime.InteropServices.Marshal.ThrowExceptionForHR(Int32 errorCode)
   at WinRT.ActivationFactory.Get(String typeName)
   at Microsoft.Windows.ApplicationModel.WindowsAppRuntime.DeploymentInitializeOptions.get__objRef_global__Microsoft_Windows_ApplicationModel_WindowsAppRuntime_DeploymentInitializeOptions()
   at Microsoft.Windows.ApplicationModel.WindowsAppRuntime.DeploymentInitializeOptions..ctor()
   at Microsoft.Windows.ApplicationModel.WindowsAppRuntime.DeploymentManagerCS.AutoInitialize.get_Options() in C:\Users\crimson\.nuget\packages\microsoft.windowsappsdk.foundation\2.0.20\include\DeploymentManagerAutoInitializer.cs:line 44
   at Microsoft.Windows.ApplicationModel.WindowsAppRuntime.DeploymentManagerCS.AutoInitialize.AccessWindowsAppSDK() in C:\Users\crimson\.nuget\packages\microsoft.windowsappsdk.foundation\2.0.20\include\DeploymentManagerAutoInitializer.cs:line 30
   at Microsoft.Windows.ApplicationModel.WindowsAppRuntime.Common.AutoInitialize.InitializeWindowsAppSDK() in C:\Users\crimson\.nuget\packages\microsoft.windowsappsdk.foundation\2.0.20\include\WindowsAppRuntimeAutoInitializer.cs:line 22
   at .cctor()
</Data></EventData></Event><Event xmlns='http://schemas.microsoft.com/win/2004/08/events/event'><System><Provider Name='.NET Runtime'/><EventID Qualifiers='0'>1026</EventID><Version>0</Version><Level>2</Level><Task>0</Task><Opcode>0</Opcode><Keywords>0x80000000000000</Keywords><TimeCreated SystemTime='2026-05-12T03:18:05.6983684Z'/><EventRecordID>91301</EventRecordID><Correlation/><Execution ProcessID='42280' ThreadID='0'/><Channel>Application</Channel><Computer>portare</Computer><Security/></System><EventData><Data>Application: SimpleEventViewer.WinUI.exe
CoreCLR Version: 10.0.626.17701
.NET Version: 10.0.6
Description: The process was terminated due to an unhandled exception.
Exception Info: System.Runtime.InteropServices.COMException (0x80040154): Class not registered (0x80040154 (REGDB_E_CLASSNOTREG))
   at System.Runtime.InteropServices.Marshal.ThrowExceptionForHR(Int32 errorCode)
   at WinRT.ActivationFactory.Get(String typeName)
   at Microsoft.Windows.ApplicationModel.WindowsAppRuntime.DeploymentInitializeOptions.get__objRef_global__Microsoft_Windows_ApplicationModel_WindowsAppRuntime_DeploymentInitializeOptions()
   at Microsoft.Windows.ApplicationModel.WindowsAppRuntime.DeploymentInitializeOptions..ctor()
   at Microsoft.Windows.ApplicationModel.WindowsAppRuntime.DeploymentManagerCS.AutoInitialize.get_Options() in C:\Users\crimson\.nuget\packages\microsoft.windowsappsdk.foundation\2.0.20\include\DeploymentManagerAutoInitializer.cs:line 44
   at Microsoft.Windows.ApplicationModel.WindowsAppRuntime.DeploymentManagerCS.AutoInitialize.AccessWindowsAppSDK() in C:\Users\crimson\.nuget\packages\microsoft.windowsappsdk.foundation\2.0.20\include\DeploymentManagerAutoInitializer.cs:line 30
   at Microsoft.Windows.ApplicationModel.WindowsAppRuntime.Common.AutoInitialize.InitializeWindowsAppSDK() in C:\Users\crimson\.nuget\packages\microsoft.windowsappsdk.foundation\2.0.20\include\WindowsAppRuntimeAutoInitializer.cs:line 22
   at .cctor()
</Data></EventData></Event><Event xmlns='http://schemas.microsoft.com/win/2004/08/events/event'><System><Provider Name='.NET Runtime'/><EventID Qualifiers='0'>1026</EventID><Version>0</Version><Level>2</Level><Task>0</Task><Opcode>0</Opcode><Keywords>0x80000000000000</Keywords><TimeCreated SystemTime='2026-05-12T03:18:05.5640542Z'/><EventRecordID>91300</EventRecordID><Correlation/><Execution ProcessID='9632' ThreadID='0'/><Channel>Application</Channel><Computer>portare</Computer><Security/></System><EventData><Data>Application: SimpleEventViewer.WinUI.exe
CoreCLR Version: 10.0.626.17701
.NET Version: 10.0.6
Description: The process was terminated due to an unhandled exception.
Exception Info: System.Runtime.InteropServices.COMException (0x80040154): Class not registered (0x80040154 (REGDB_E_CLASSNOTREG))
   at System.Runtime.InteropServices.Marshal.ThrowExceptionForHR(Int32 errorCode)
   at WinRT.ActivationFactory.Get(String typeName)
   at Microsoft.Windows.ApplicationModel.WindowsAppRuntime.DeploymentInitializeOptions.get__objRef_global__Microsoft_Windows_ApplicationModel_WindowsAppRuntime_DeploymentInitializeOptions()
   at Microsoft.Windows.ApplicationModel.WindowsAppRuntime.DeploymentInitializeOptions..ctor()
   at Microsoft.Windows.ApplicationModel.WindowsAppRuntime.DeploymentManagerCS.AutoInitialize.get_Options() in C:\Users\crimson\.nuget\packages\microsoft.windowsappsdk.foundation\2.0.20\include\DeploymentManagerAutoInitializer.cs:line 44
   at Microsoft.Windows.ApplicationModel.WindowsAppRuntime.DeploymentManagerCS.AutoInitialize.AccessWindowsAppSDK() in C:\Users\crimson\.nuget\packages\microsoft.windowsappsdk.foundation\2.0.20\include\DeploymentManagerAutoInitializer.cs:line 30
   at Microsoft.Windows.ApplicationModel.WindowsAppRuntime.Common.AutoInitialize.InitializeWindowsAppSDK() in C:\Users\crimson\.nuget\packages\microsoft.windowsappsdk.foundation\2.0.20\include\WindowsAppRuntimeAutoInitializer.cs:line 22
   at .cctor()
</Data></EventData></Event><Event xmlns='http://schemas.microsoft.com/win/2004/08/events/event'><System><Provider Name='.NET Runtime'/><EventID Qualifiers='0'>1026</EventID><Version>0</Version><Level>2</Level><Task>0</Task><Opcode>0</Opcode><Keywords>0x80000000000000</Keywords><TimeCreated SystemTime='2026-05-12T03:18:05.4138037Z'/><EventRecordID>91299</EventRecordID><Correlation/><Execution ProcessID='4456' ThreadID='0'/><Channel>Application</Channel><Computer>portare</Computer><Security/></System><EventData><Data>Application: SimpleEventViewer.WinUI.exe
CoreCLR Version: 10.0.626.17701
.NET Version: 10.0.6
Description: The process was terminated due to an unhandled exception.
Exception Info: System.Runtime.InteropServices.COMException (0x80040154): Class not registered (0x80040154 (REGDB_E_CLASSNOTREG))
   at System.Runtime.InteropServices.Marshal.ThrowExceptionForHR(Int32 errorCode)
   at WinRT.ActivationFactory.Get(String typeName)
   at Microsoft.Windows.ApplicationModel.WindowsAppRuntime.DeploymentInitializeOptions.get__objRef_global__Microsoft_Windows_ApplicationModel_WindowsAppRuntime_DeploymentInitializeOptions()
   at Microsoft.Windows.ApplicationModel.WindowsAppRuntime.DeploymentInitializeOptions..ctor()
   at Microsoft.Windows.ApplicationModel.WindowsAppRuntime.DeploymentManagerCS.AutoInitialize.get_Options() in C:\Users\crimson\.nuget\packages\microsoft.windowsappsdk.foundation\2.0.20\include\DeploymentManagerAutoInitializer.cs:line 44
   at Microsoft.Windows.ApplicationModel.WindowsAppRuntime.DeploymentManagerCS.AutoInitialize.AccessWindowsAppSDK() in C:\Users\crimson\.nuget\packages\microsoft.windowsappsdk.foundation\2.0.20\include\DeploymentManagerAutoInitializer.cs:line 30
   at Microsoft.Windows.ApplicationModel.WindowsAppRuntime.Common.AutoInitialize.InitializeWindowsAppSDK() in C:\Users\crimson\.nuget\packages\microsoft.windowsappsdk.foundation\2.0.20\include\WindowsAppRuntimeAutoInitializer.cs:line 22
   at .cctor()
</Data></EventData></Event><Event xmlns='http://schemas.microsoft.com/win/2004/08/events/event'><System><Provider Name='.NET Runtime'/><EventID Qualifiers='0'>1026</EventID><Version>0</Version><Level>2</Level><Task>0</Task><Opcode>0</Opcode><Keywords>0x80000000000000</Keywords><TimeCreated SystemTime='2026-05-12T03:17:53.1111493Z'/><EventRecordID>91298</EventRecordID><Correlation/><Execution ProcessID='48136' ThreadID='0'/><Channel>Application</Channel><Computer>portare</Computer><Security/></System><EventData><Data>Application: SimpleEventViewer.WinUI.exe
CoreCLR Version: 10.0.626.17701
.NET Version: 10.0.6
Description: The process was terminated due to an unhandled exception.
Exception Info: System.Runtime.InteropServices.COMException (0x80040154): Class not registered (0x80040154 (REGDB_E_CLASSNOTREG))
   at System.Runtime.InteropServices.Marshal.ThrowExceptionForHR(Int32 errorCode)
   at WinRT.ActivationFactory.Get(String typeName)
   at Microsoft.Windows.ApplicationModel.WindowsAppRuntime.DeploymentInitializeOptions.get__objRef_global__Microsoft_Windows_ApplicationModel_WindowsAppRuntime_DeploymentInitializeOptions()
   at Microsoft.Windows.ApplicationModel.WindowsAppRuntime.DeploymentInitializeOptions..ctor()
   at Microsoft.Windows.ApplicationModel.WindowsAppRuntime.DeploymentManagerCS.AutoInitialize.get_Options() in C:\Users\crimson\.nuget\packages\microsoft.windowsappsdk.foundation\2.0.20\include\DeploymentManagerAutoInitializer.cs:line 44
   at Microsoft.Windows.ApplicationModel.WindowsAppRuntime.DeploymentManagerCS.AutoInitialize.AccessWindowsAppSDK() in C:\Users\crimson\.nuget\packages\microsoft.windowsappsdk.foundation\2.0.20\include\DeploymentManagerAutoInitializer.cs:line 30
   at Microsoft.Windows.ApplicationModel.WindowsAppRuntime.Common.AutoInitialize.InitializeWindowsAppSDK() in C:\Users\crimson\.nuget\packages\microsoft.windowsappsdk.foundation\2.0.20\include\WindowsAppRuntimeAutoInitializer.cs:line 22
   at .cctor()
</Data></EventData></Event><Event xmlns='http://schemas.microsoft.com/win/2004/08/events/event'><System><Provider Name='.NET Runtime'/><EventID Qualifiers='0'>1026</EventID><Version>0</Version><Level>2</Level><Task>0</Task><Opcode>0</Opcode><Keywords>0x80000000000000</Keywords><TimeCreated SystemTime='2026-05-12T03:13:56.1726248Z'/><EventRecordID>91297</EventRecordID><Correlation/><Execution ProcessID='30644' ThreadID='0'/><Channel>Application</Channel><Computer>portare</Computer><Security/></System><EventData><Data>Application: SimpleEventViewer.WinUI.exe
CoreCLR Version: 10.0.626.17701
.NET Version: 10.0.6
Description: The process was terminated due to an unhandled exception.
Exception Info: System.Runtime.InteropServices.COMException (0x80040154): Class not registered (0x80040154 (REGDB_E_CLASSNOTREG))
   at System.Runtime.InteropServices.Marshal.ThrowExceptionForHR(Int32 errorCode)
   at WinRT.ActivationFactory.Get(String typeName)
   at Microsoft.Windows.ApplicationModel.WindowsAppRuntime.DeploymentInitializeOptions.get__objRef_global__Microsoft_Windows_ApplicationModel_WindowsAppRuntime_DeploymentInitializeOptions()
   at Microsoft.Windows.ApplicationModel.WindowsAppRuntime.DeploymentInitializeOptions..ctor()
   at Microsoft.Windows.ApplicationModel.WindowsAppRuntime.DeploymentManagerCS.AutoInitialize.get_Options() in C:\Users\crimson\.nuget\packages\microsoft.windowsappsdk.foundation\2.0.20\include\DeploymentManagerAutoInitializer.cs:line 44
   at Microsoft.Windows.ApplicationModel.WindowsAppRuntime.DeploymentManagerCS.AutoInitialize.AccessWindowsAppSDK() in C:\Users\crimson\.nuget\packages\microsoft.windowsappsdk.foundation\2.0.20\include\DeploymentManagerAutoInitializer.cs:line 30
   at Microsoft.Windows.ApplicationModel.WindowsAppRuntime.Common.AutoInitialize.InitializeWindowsAppSDK() in C:\Users\crimson\.nuget\packages\microsoft.windowsappsdk.foundation\2.0.20\include\WindowsAppRuntimeAutoInitializer.cs:line 22
   at .cctor()
</Data></EventData></Event><Event xmlns='http://schemas.microsoft.com/win/2004/08/events/event'><System><Provider Name='.NET Runtime'/><EventID Qualifiers='0'>1026</EventID><Version>0</Version><Level>2</Level><Task>0</Task><Opcode>0</Opcode><Keywords>0x80000000000000</Keywords><TimeCreated SystemTime='2026-05-12T03:13:56.0187063Z'/><EventRecordID>91296</EventRecordID><Correlation/><Execution ProcessID='7664' ThreadID='0'/><Channel>Application</Channel><Computer>portare</Computer><Security/></System><EventData><Data>Application: SimpleEventViewer.WinUI.exe
CoreCLR Version: 10.0.626.17701
.NET Version: 10.0.6
Description: The process was terminated due to an unhandled exception.
Exception Info: System.Runtime.InteropServices.COMException (0x80040154): Class not registered (0x80040154 (REGDB_E_CLASSNOTREG))
   at System.Runtime.InteropServices.Marshal.ThrowExceptionForHR(Int32 errorCode)
   at WinRT.ActivationFactory.Get(String typeName)
   at Microsoft.Windows.ApplicationModel.WindowsAppRuntime.DeploymentInitializeOptions.get__objRef_global__Microsoft_Windows_ApplicationModel_WindowsAppRuntime_DeploymentInitializeOptions()
   at Microsoft.Windows.ApplicationModel.WindowsAppRuntime.DeploymentInitializeOptions..ctor()
   at Microsoft.Windows.ApplicationModel.WindowsAppRuntime.DeploymentManagerCS.AutoInitialize.get_Options() in C:\Users\crimson\.nuget\packages\microsoft.windowsappsdk.foundation\2.0.20\include\DeploymentManagerAutoInitializer.cs:line 44
   at Microsoft.Windows.ApplicationModel.WindowsAppRuntime.DeploymentManagerCS.AutoInitialize.AccessWindowsAppSDK() in C:\Users\crimson\.nuget\packages\microsoft.windowsappsdk.foundation\2.0.20\include\DeploymentManagerAutoInitializer.cs:line 30
   at Microsoft.Windows.ApplicationModel.WindowsAppRuntime.Common.AutoInitialize.InitializeWindowsAppSDK() in C:\Users\crimson\.nuget\packages\microsoft.windowsappsdk.foundation\2.0.20\include\WindowsAppRuntimeAutoInitializer.cs:line 22
   at .cctor()
</Data></EventData></Event><Event xmlns='http://schemas.microsoft.com/win/2004/08/events/event'><System><Provider Name='.NET Runtime'/><EventID Qualifiers='0'>1026</EventID><Version>0</Version><Level>2</Level><Task>0</Task><Opcode>0</Opcode><Keywords>0x80000000000000</Keywords><TimeCreated SystemTime='2026-05-12T03:13:55.8874555Z'/><EventRecordID>91295</EventRecordID><Correlation/><Execution ProcessID='36468' ThreadID='0'/><Channel>Application</Channel><Computer>portare</Computer><Security/></System><EventData><Data>Application: SimpleEventViewer.WinUI.exe
CoreCLR Version: 10.0.626.17701
.NET Version: 10.0.6
Description: The process was terminated due to an unhandled exception.
Exception Info: System.Runtime.InteropServices.COMException (0x80040154): Class not registered (0x80040154 (REGDB_E_CLASSNOTREG))
   at System.Runtime.InteropServices.Marshal.ThrowExceptionForHR(Int32 errorCode)
   at WinRT.ActivationFactory.Get(String typeName)
   at Microsoft.Windows.ApplicationModel.WindowsAppRuntime.DeploymentInitializeOptions.get__objRef_global__Microsoft_Windows_ApplicationModel_WindowsAppRuntime_DeploymentInitializeOptions()
   at Microsoft.Windows.ApplicationModel.WindowsAppRuntime.DeploymentInitializeOptions..ctor()
   at Microsoft.Windows.ApplicationModel.WindowsAppRuntime.DeploymentManagerCS.AutoInitialize.get_Options() in C:\Users\crimson\.nuget\packages\microsoft.windowsappsdk.foundation\2.0.20\include\DeploymentManagerAutoInitializer.cs:line 44
   at Microsoft.Windows.ApplicationModel.WindowsAppRuntime.DeploymentManagerCS.AutoInitialize.AccessWindowsAppSDK() in C:\Users\crimson\.nuget\packages\microsoft.windowsappsdk.foundation\2.0.20\include\DeploymentManagerAutoInitializer.cs:line 30
   at Microsoft.Windows.ApplicationModel.WindowsAppRuntime.Common.AutoInitialize.InitializeWindowsAppSDK() in C:\Users\crimson\.nuget\packages\microsoft.windowsappsdk.foundation\2.0.20\include\WindowsAppRuntimeAutoInitializer.cs:line 22
   at .cctor()
</Data></EventData></Event><Event xmlns='http://schemas.microsoft.com/win/2004/08/events/event'><System><Provider Name='.NET Runtime'/><EventID Qualifiers='0'>1026</EventID><Version>0</Version><Level>2</Level><Task>0</Task><Opcode>0</Opcode><Keywords>0x80000000000000</Keywords><TimeCreated SystemTime='2026-05-12T03:13:55.7483990Z'/><EventRecordID>91294</EventRecordID><Correlation/><Execution ProcessID='28200' ThreadID='0'/><Channel>Application</Channel><Computer>portare</Computer><Security/></System><EventData><Data>Application: SimpleEventViewer.WinUI.exe
CoreCLR Version: 10.0.626.17701
.NET Version: 10.0.6
Description: The process was terminated due to an unhandled exception.
Exception Info: System.Runtime.InteropServices.COMException (0x80040154): Class not registered (0x80040154 (REGDB_E_CLASSNOTREG))
   at System.Runtime.InteropServices.Marshal.ThrowExceptionForHR(Int32 errorCode)
   at WinRT.ActivationFactory.Get(String typeName)
   at Microsoft.Windows.ApplicationModel.WindowsAppRuntime.DeploymentInitializeOptions.get__objRef_global__Microsoft_Windows_ApplicationModel_WindowsAppRuntime_DeploymentInitializeOptions()
   at Microsoft.Windows.ApplicationModel.WindowsAppRuntime.DeploymentInitializeOptions..ctor()
   at Microsoft.Windows.ApplicationModel.WindowsAppRuntime.DeploymentManagerCS.AutoInitialize.get_Options() in C:\Users\crimson\.nuget\packages\microsoft.windowsappsdk.foundation\2.0.20\include\DeploymentManagerAutoInitializer.cs:line 44
   at Microsoft.Windows.ApplicationModel.WindowsAppRuntime.DeploymentManagerCS.AutoInitialize.AccessWindowsAppSDK() in C:\Users\crimson\.nuget\packages\microsoft.windowsappsdk.foundation\2.0.20\include\DeploymentManagerAutoInitializer.cs:line 30
   at Microsoft.Windows.ApplicationModel.WindowsAppRuntime.Common.AutoInitialize.InitializeWindowsAppSDK() in C:\Users\crimson\.nuget\packages\microsoft.windowsappsdk.foundation\2.0.20\include\WindowsAppRuntimeAutoInitializer.cs:line 22
   at .cctor()
</Data></EventData></Event><Event xmlns='http://schemas.microsoft.com/win/2004/08/events/event'><System><Provider Name='.NET Runtime'/><EventID Qualifiers='0'>1026</EventID><Version>0</Version><Level>2</Level><Task>0</Task><Opcode>0</Opcode><Keywords>0x80000000000000</Keywords><TimeCreated SystemTime='2026-05-12T03:13:55.5962730Z'/><EventRecordID>91293</EventRecordID><Correlation/><Execution ProcessID='49372' ThreadID='0'/><Channel>Application</Channel><Computer>portare</Computer><Security/></System><EventData><Data>Application: SimpleEventViewer.WinUI.exe
CoreCLR Version: 10.0.626.17701
.NET Version: 10.0.6
Description: The process was terminated due to an unhandled exception.
Exception Info: System.Runtime.InteropServices.COMException (0x80040154): Class not registered (0x80040154 (REGDB_E_CLASSNOTREG))
   at System.Runtime.InteropServices.Marshal.ThrowExceptionForHR(Int32 errorCode)
   at WinRT.ActivationFactory.Get(String typeName)
   at Microsoft.Windows.ApplicationModel.WindowsAppRuntime.DeploymentInitializeOptions.get__objRef_global__Microsoft_Windows_ApplicationModel_WindowsAppRuntime_DeploymentInitializeOptions()
   at Microsoft.Windows.ApplicationModel.WindowsAppRuntime.DeploymentInitializeOptions..ctor()
   at Microsoft.Windows.ApplicationModel.WindowsAppRuntime.DeploymentManagerCS.AutoInitialize.get_Options() in C:\Users\crimson\.nuget\packages\microsoft.windowsappsdk.foundation\2.0.20\include\DeploymentManagerAutoInitializer.cs:line 44
   at Microsoft.Windows.ApplicationModel.WindowsAppRuntime.DeploymentManagerCS.AutoInitialize.AccessWindowsAppSDK() in C:\Users\crimson\.nuget\packages\microsoft.windowsappsdk.foundation\2.0.20\include\DeploymentManagerAutoInitializer.cs:line 30
   at Microsoft.Windows.ApplicationModel.WindowsAppRuntime.Common.AutoInitialize.InitializeWindowsAppSDK() in C:\Users\crimson\.nuget\packages\microsoft.windowsappsdk.foundation\2.0.20\include\WindowsAppRuntimeAutoInitializer.cs:line 22
   at .cctor()
</Data></EventData></Event><Event xmlns='http://schemas.microsoft.com/win/2004/08/events/event'><System><Provider Name='.NET Runtime'/><EventID Qualifiers='0'>1026</EventID><Version>0</Version><Level>2</Level><Task>0</Task><Opcode>0</Opcode><Keywords>0x80000000000000</Keywords><TimeCreated SystemTime='2026-05-12T03:13:27.8063521Z'/><EventRecordID>91292</EventRecordID><Correlation/><Execution ProcessID='47068' ThreadID='0'/><Channel>Application</Channel><Computer>portare</Computer><Security/></System><EventData><Data>Application: SimpleEventViewer.WinUI.exe
CoreCLR Version: 10.0.626.17701
.NET Version: 10.0.6
Description: The process was terminated due to an unhandled exception.
Exception Info: System.Runtime.InteropServices.COMException (0x80040154): Class not registered (0x80040154 (REGDB_E_CLASSNOTREG))
   at System.Runtime.InteropServices.Marshal.ThrowExceptionForHR(Int32 errorCode)
   at WinRT.ActivationFactory.Get(String typeName)
   at Microsoft.Windows.ApplicationModel.WindowsAppRuntime.DeploymentInitializeOptions.get__objRef_global__Microsoft_Windows_ApplicationModel_WindowsAppRuntime_DeploymentInitializeOptions()
   at Microsoft.Windows.ApplicationModel.WindowsAppRuntime.DeploymentInitializeOptions..ctor()
   at Microsoft.Windows.ApplicationModel.WindowsAppRuntime.DeploymentManagerCS.AutoInitialize.get_Options() in C:\Users\crimson\.nuget\packages\microsoft.windowsappsdk.foundation\2.0.20\include\DeploymentManagerAutoInitializer.cs:line 44
   at Microsoft.Windows.ApplicationModel.WindowsAppRuntime.DeploymentManagerCS.AutoInitialize.AccessWindowsAppSDK() in C:\Users\crimson\.nuget\packages\microsoft.windowsappsdk.foundation\2.0.20\include\DeploymentManagerAutoInitializer.cs:line 30
   at Microsoft.Windows.ApplicationModel.WindowsAppRuntime.Common.AutoInitialize.InitializeWindowsAppSDK() in C:\Users\crimson\.nuget\packages\microsoft.windowsappsdk.foundation\2.0.20\include\WindowsAppRuntimeAutoInitializer.cs:line 22
   at .cctor()
</Data></EventData></Event><Event xmlns='http://schemas.microsoft.com/win/2004/08/events/event'><System><Provider Name='.NET Runtime'/><EventID Qualifiers='0'>1026</EventID><Version>0</Version><Level>2</Level><Task>0</Task><Opcode>0</Opcode><Keywords>0x80000000000000</Keywords><TimeCreated SystemTime='2026-05-12T03:13:27.6662073Z'/><EventRecordID>91291</EventRecordID><Correlation/><Execution ProcessID='32448' ThreadID='0'/><Channel>Application</Channel><Computer>portare</Computer><Security/></System><EventData><Data>Application: SimpleEventViewer.WinUI.exe
CoreCLR Version: 10.0.626.17701
.NET Version: 10.0.6
Description: The process was terminated due to an unhandled exception.
Exception Info: System.Runtime.InteropServices.COMException (0x80040154): Class not registered (0x80040154 (REGDB_E_CLASSNOTREG))
   at System.Runtime.InteropServices.Marshal.ThrowExceptionForHR(Int32 errorCode)
   at WinRT.ActivationFactory.Get(String typeName)
   at Microsoft.Windows.ApplicationModel.WindowsAppRuntime.DeploymentInitializeOptions.get__objRef_global__Microsoft_Windows_ApplicationModel_WindowsAppRuntime_DeploymentInitializeOptions()
   at Microsoft.Windows.ApplicationModel.WindowsAppRuntime.DeploymentInitializeOptions..ctor()
   at Microsoft.Windows.ApplicationModel.WindowsAppRuntime.DeploymentManagerCS.AutoInitialize.get_Options() in C:\Users\crimson\.nuget\packages\microsoft.windowsappsdk.foundation\2.0.20\include\DeploymentManagerAutoInitializer.cs:line 44
   at Microsoft.Windows.ApplicationModel.WindowsAppRuntime.DeploymentManagerCS.AutoInitialize.AccessWindowsAppSDK() in C:\Users\crimson\.nuget\packages\microsoft.windowsappsdk.foundation\2.0.20\include\DeploymentManagerAutoInitializer.cs:line 30
   at Microsoft.Windows.ApplicationModel.WindowsAppRuntime.Common.AutoInitialize.InitializeWindowsAppSDK() in C:\Users\crimson\.nuget\packages\microsoft.windowsappsdk.foundation\2.0.20\include\WindowsAppRuntimeAutoInitializer.cs:line 22
   at .cctor()
</Data></EventData></Event><Event xmlns='http://schemas.microsoft.com/win/2004/08/events/event'><System><Provider Name='.NET Runtime'/><EventID Qualifiers='0'>1026</EventID><Version>0</Version><Level>2</Level><Task>0</Task><Opcode>0</Opcode><Keywords>0x80000000000000</Keywords><TimeCreated SystemTime='2026-05-12T03:13:27.5275398Z'/><EventRecordID>91290</EventRecordID><Correlation/><Execution ProcessID='53368' ThreadID='0'/><Channel>Application</Channel><Computer>portare</Computer><Security/></System><EventData><Data>Application: SimpleEventViewer.WinUI.exe
CoreCLR Version: 10.0.626.17701
.NET Version: 10.0.6
Description: The process was terminated due to an unhandled exception.
Exception Info: System.Runtime.InteropServices.COMException (0x80040154): Class not registered (0x80040154 (REGDB_E_CLASSNOTREG))
   at System.Runtime.InteropServices.Marshal.ThrowExceptionForHR(Int32 errorCode)
   at WinRT.ActivationFactory.Get(String typeName)
   at Microsoft.Windows.ApplicationModel.WindowsAppRuntime.DeploymentInitializeOptions.get__objRef_global__Microsoft_Windows_ApplicationModel_WindowsAppRuntime_DeploymentInitializeOptions()
   at Microsoft.Windows.ApplicationModel.WindowsAppRuntime.DeploymentInitializeOptions..ctor()
   at Microsoft.Windows.ApplicationModel.WindowsAppRuntime.DeploymentManagerCS.AutoInitialize.get_Options() in C:\Users\crimson\.nuget\packages\microsoft.windowsappsdk.foundation\2.0.20\include\DeploymentManagerAutoInitializer.cs:line 44
   at Microsoft.Windows.ApplicationModel.WindowsAppRuntime.DeploymentManagerCS.AutoInitialize.AccessWindowsAppSDK() in C:\Users\crimson\.nuget\packages\microsoft.windowsappsdk.foundation\2.0.20\include\DeploymentManagerAutoInitializer.cs:line 30
   at Microsoft.Windows.ApplicationModel.WindowsAppRuntime.Common.AutoInitialize.InitializeWindowsAppSDK() in C:\Users\crimson\.nuget\packages\microsoft.windowsappsdk.foundation\2.0.20\include\WindowsAppRuntimeAutoInitializer.cs:line 22
   at .cctor()
</Data></EventData></Event><Event xmlns='http://schemas.microsoft.com/win/2004/08/events/event'><System><Provider Name='.NET Runtime'/><EventID Qualifiers='0'>1026</EventID><Version>0</Version><Level>2</Level><Task>0</Task><Opcode>0</Opcode><Keywords>0x80000000000000</Keywords><TimeCreated SystemTime='2026-05-12T03:13:27.3904174Z'/><EventRecordID>91289</EventRecordID><Correlation/><Execution ProcessID='47836' ThreadID='0'/><Channel>Application</Channel><Computer>portare</Computer><Security/></System><EventData><Data>Application: SimpleEventViewer.WinUI.exe
CoreCLR Version: 10.0.626.17701
.NET Version: 10.0.6
Description: The process was terminated due to an unhandled exception.
Exception Info: System.Runtime.InteropServices.COMException (0x80040154): Class not registered (0x80040154 (REGDB_E_CLASSNOTREG))
   at System.Runtime.InteropServices.Marshal.ThrowExceptionForHR(Int32 errorCode)
   at WinRT.ActivationFactory.Get(String typeName)
   at Microsoft.Windows.ApplicationModel.WindowsAppRuntime.DeploymentInitializeOptions.get__objRef_global__Microsoft_Windows_ApplicationModel_WindowsAppRuntime_DeploymentInitializeOptions()
   at Microsoft.Windows.ApplicationModel.WindowsAppRuntime.DeploymentInitializeOptions..ctor()
   at Microsoft.Windows.ApplicationModel.WindowsAppRuntime.DeploymentManagerCS.AutoInitialize.get_Options() in C:\Users\crimson\.nuget\packages\microsoft.windowsappsdk.foundation\2.0.20\include\DeploymentManagerAutoInitializer.cs:line 44
   at Microsoft.Windows.ApplicationModel.WindowsAppRuntime.DeploymentManagerCS.AutoInitialize.AccessWindowsAppSDK() in C:\Users\crimson\.nuget\packages\microsoft.windowsappsdk.foundation\2.0.20\include\DeploymentManagerAutoInitializer.cs:line 30
   at Microsoft.Windows.ApplicationModel.WindowsAppRuntime.Common.AutoInitialize.InitializeWindowsAppSDK() in C:\Users\crimson\.nuget\packages\microsoft.windowsappsdk.foundation\2.0.20\include\WindowsAppRuntimeAutoInitializer.cs:line 22
   at .cctor()
</Data></EventData></Event><Event xmlns='http://schemas.microsoft.com/win/2004/08/events/event'><System><Provider Name='.NET Runtime'/><EventID Qualifiers='0'>1026</EventID><Version>0</Version><Level>2</Level><Task>0</Task><Opcode>0</Opcode><Keywords>0x80000000000000</Keywords><TimeCreated SystemTime='2026-05-12T03:13:27.0735551Z'/><EventRecordID>91288</EventRecordID><Correlation/><Execution ProcessID='43824' ThreadID='0'/><Channel>Application</Channel><Computer>portare</Computer><Security/></System><EventData><Data>Application: SimpleEventViewer.WinUI.exe
CoreCLR Version: 10.0.626.17701
.NET Version: 10.0.6
Description: The process was terminated due to an unhandled exception.
Exception Info: System.Runtime.InteropServices.COMException (0x80040154): Class not registered (0x80040154 (REGDB_E_CLASSNOTREG))
   at System.Runtime.InteropServices.Marshal.ThrowExceptionForHR(Int32 errorCode)
   at WinRT.ActivationFactory.Get(String typeName)
   at Microsoft.Windows.ApplicationModel.WindowsAppRuntime.DeploymentInitializeOptions.get__objRef_global__Microsoft_Windows_ApplicationModel_WindowsAppRuntime_DeploymentInitializeOptions()
   at Microsoft.Windows.ApplicationModel.WindowsAppRuntime.DeploymentInitializeOptions..ctor()
   at Microsoft.Windows.ApplicationModel.WindowsAppRuntime.DeploymentManagerCS.AutoInitialize.get_Options() in C:\Users\crimson\.nuget\packages\microsoft.windowsappsdk.foundation\2.0.20\include\DeploymentManagerAutoInitializer.cs:line 44
   at Microsoft.Windows.ApplicationModel.WindowsAppRuntime.DeploymentManagerCS.AutoInitialize.AccessWindowsAppSDK() in C:\Users\crimson\.nuget\packages\microsoft.windowsappsdk.foundation\2.0.20\include\DeploymentManagerAutoInitializer.cs:line 30
   at Microsoft.Windows.ApplicationModel.WindowsAppRuntime.Common.AutoInitialize.InitializeWindowsAppSDK() in C:\Users\crimson\.nuget\packages\microsoft.windowsappsdk.foundation\2.0.20\include\WindowsAppRuntimeAutoInitializer.cs:line 22
   at .cctor()
</Data></EventData></Event><Event xmlns='http://schemas.microsoft.com/win/2004/08/events/event'><System><Provider Name='Application Hang' Guid='{c631c3dc-c676-59e4-2db3-5c0af00f9675}'/><EventID>1002</EventID><Version>0</Version><Level>2</Level><Task>101</Task><Opcode>0</Opcode><Keywords>0x8000000000000000</Keywords><TimeCreated SystemTime='2026-05-11T06:50:31.1280988Z'/><EventRecordID>89937</EventRecordID><Correlation/><Execution ProcessID='4668' ThreadID='30700'/><Channel>Application</Channel><Computer>portare</Computer><Security UserID='S-1-5-18'/></System><EventData><Data Name='AppName'>Codex.exe</Data><Data Name='AppVersion'>2620.0.0.0</Data><Data Name='ProcessId'>0xd854</Data><Data Name='StartTime'>0x1dce1118fca7313</Data><Data Name='TerminationTime'>4294967295</Data><Data Name='ExeFileName'>C:\Program Files\WindowsApps\OpenAI.Codex_26.506.3741.0_x64__2p2nqsd0c76g0\app\Codex.exe</Data><Data Name='ReportId'>ab1d6337-45ee-4eff-9386-2648718d5415</Data><Data Name='PackageFullName'>OpenAI.Codex_26.506.3741.0_x64__2p2nqsd0c76g0</Data><Data Name='PackageRelativeAppId'>App</Data><Data Name='HangType'>Quiesce</Data></EventData></Event><Event xmlns='http://schemas.microsoft.com/win/2004/08/events/event'><System><Provider Name='Application Hang' Guid='{c631c3dc-c676-59e4-2db3-5c0af00f9675}'/><EventID>1002</EventID><Version>0</Version><Level>2</Level><Task>101</Task><Opcode>0</Opcode><Keywords>0x8000000000000000</Keywords><TimeCreated SystemTime='2026-05-11T04:33:04.5413611Z'/><EventRecordID>89871</EventRecordID><Correlation/><Execution ProcessID='46132' ThreadID='6016'/><Channel>Application</Channel><Computer>portare</Computer><Security UserID='S-1-5-18'/></System><EventData><Data Name='AppName'>SimpleEventViewer.WinUI.exe</Data><Data Name='AppVersion'>1.0.0.0</Data><Data Name='ProcessId'>0x283c</Data><Data Name='StartTime'>0x1dce0fef0cac357</Data><Data Name='TerminationTime'>39</Data><Data Name='ExeFileName'>C:\Users\crimson\source\repos\SimpleEventViewer.WinUI\bin\Debug\net10.0-windows10.0.26100.0\win-x64\AppX\SimpleEventViewer.WinUI.exe</Data><Data Name='ReportId'>0f54223b-dc0f-42d9-aa67-e495ecad6214</Data><Data Name='PackageFullName'>AF922A60-D6AB-4215-BA5E-98EAB55DFBB2_1.0.0.0_x64__1z32rh13vfry6</Data><Data Name='PackageRelativeAppId'>App</Data><Data Name='HangType'>Unknown</Data></EventData></Event><Event xmlns='http://schemas.microsoft.com/win/2004/08/events/event'><System><Provider Name='Application Hang' Guid='{c631c3dc-c676-59e4-2db3-5c0af00f9675}'/><EventID>1002</EventID><Version>0</Version><Level>2</Level><Task>101</Task><Opcode>0</Opcode><Keywords>0x8000000000000000</Keywords><TimeCreated SystemTime='2026-05-11T04:23:46.5409014Z'/><EventRecordID>89868</EventRecordID><Correlation/><Execution ProcessID='18740' ThreadID='17660'/><Channel>Application</Channel><Computer>portare</Computer><Security UserID='S-1-5-18'/></System><EventData><Data Name='AppName'>SimpleEventViewer.WinUI.exe</Data><Data Name='AppVersion'>1.0.0.0</Data><Data Name='ProcessId'>0x7fb0</Data><Data Name='StartTime'>0x1dce0fd795d4e92</Data><Data Name='TerminationTime'>36</Data><Data Name='ExeFileName'>C:\Users\crimson\source\repos\SimpleEventViewer.WinUI\bin\Debug\net10.0-windows10.0.26100.0\win-x64\AppX\SimpleEventViewer.WinUI.exe</Data><Data Name='ReportId'>e81bcebb-1b13-4e0c-9ca2-259c50ac67a1</Data><Data Name='PackageFullName'>AF922A60-D6AB-4215-BA5E-98EAB55DFBB2_1.0.0.0_x64__1z32rh13vfry6</Data><Data Name='PackageRelativeAppId'>App</Data><Data Name='HangType'>Unknown</Data></EventData></Event><Event xmlns='http://schemas.microsoft.com/win/2004/08/events/event'><System><Provider Name='Application Error' Guid='{a0e9b465-b939-57d7-b27d-95d8e925ff57}'/><EventID>1000</EventID><Version>0</Version><Level>2</Level><Task>100</Task><Opcode>0</Opcode><Keywords>0x8000000000000000</Keywords><TimeCreated SystemTime='2026-05-11T04:11:07.0961015Z'/><EventRecordID>89864</EventRecordID><Correlation/><Execution ProcessID='41228' ThreadID='16712'/><Channel>Application</Channel><Computer>portare</Computer><Security UserID='S-1-5-21-28004937-3012961237-3232809839-1000'/></System><EventData><Data Name='AppName'>SimpleEventViewer.WinUI.exe</Data><Data Name='AppVersion'>1.0.0.0</Data><Data Name='AppTimeStamp'>69c40000</Data><Data Name='ModuleName'>CoreMessagingXP.dll</Data><Data Name='ModuleVersion'>10.0.27200.1014</Data><Data Name='ModuleTimeStamp'>f02f8b94</Data><Data Name='ExceptionCode'>c000027b</Data><Data Name='FaultingOffset'>0000000000093af6</Data><Data Name='ProcessId'>0x9528</Data><Data Name='ProcessCreationTime'>0x1dce0ea54533d10</Data><Data Name='AppPath'>C:\Users\crimson\source\repos\SimpleEventViewer.WinUI\bin\Debug\net10.0-windows10.0.26100.0\win-x64\AppX\SimpleEventViewer.WinUI.exe</Data><Data Name='ModulePath'>C:\Program Files\WindowsApps\Microsoft.WindowsAppRuntime.2_2.0.1.0_x64__8wekyb3d8bbwe\CoreMessagingXP.dll</Data><Data Name='IntegratorReportId'>5a1beace-8153-40a0-b61c-745b5fbc04f1</Data><Data Name='PackageFullName'>AF922A60-D6AB-4215-BA5E-98EAB55DFBB2_1.0.0.0_x64__1z32rh13vfry6</Data><Data Name='PackageRelativeAppId'>App</Data></EventData></Event><Event xmlns='http://schemas.microsoft.com/win/2004/08/events/event'><System><Provider Name='.NET Runtime'/><EventID Qualifiers='0'>1026</EventID><Version>0</Version><Level>2</Level><Task>0</Task><Opcode>0</Opcode><Keywords>0x80000000000000</Keywords><TimeCreated SystemTime='2026-05-10T08:28:58.2982689Z'/><EventRecordID>88464</EventRecordID><Correlation/><Execution ProcessID='40152' ThreadID='0'/><Channel>Application</Channel><Computer>portare</Computer><Security/></System><EventData><Data>Application: SimpleEventViewer.exe
CoreCLR Version: 8.0.2626.16921
.NET Version: 8.0.26
Description: The process was terminated due to an unhandled exception.
Exception Info: System.NullReferenceException: Object reference not set to an instance of an object.
   at SimpleEventViewer.MainWindow.RefreshButton_Click(Object sender, RoutedEventArgs e) in C:\Users\crimson\source\repos\SimpleEventViewer\MainWindow.xaml.cs:line 59
   at System.Windows.EventRoute.InvokeHandlersImpl(Object source, RoutedEventArgs args, Boolean reRaised)
   at System.Windows.UIElement.RaiseEventImpl(DependencyObject sender, RoutedEventArgs args)
   at System.Windows.Controls.Primitives.ButtonBase.OnClick()
   at System.Windows.Controls.Button.OnClick()
   at System.Windows.Controls.Primitives.ButtonBase.OnMouseLeftButtonUp(MouseButtonEventArgs e)
   at System.Windows.RoutedEventArgs.InvokeHandler(Delegate handler, Object target)
   at System.Windows.EventRoute.InvokeHandlersImpl(Object source, RoutedEventArgs args, Boolean reRaised)
   at System.Windows.UIElement.ReRaiseEventAs(DependencyObject sender, RoutedEventArgs args, RoutedEvent newEvent)
   at System.Windows.RoutedEventArgs.InvokeHandler(Delegate handler, Object target)
   at System.Windows.EventRoute.InvokeHandlersImpl(Object source, RoutedEventArgs args, Boolean reRaised)
   at System.Windows.UIElement.RaiseEventImpl(DependencyObject sender, RoutedEventArgs args)
   at System.Windows.UIElement.RaiseTrustedEvent(RoutedEventArgs args)
   at System.Windows.Input.InputManager.ProcessStagingArea()
   at System.Windows.Input.InputProviderSite.ReportInput(InputReport inputReport)
   at System.Windows.Interop.HwndMouseInputProvider.ReportInput(IntPtr hwnd, InputMode mode, Int32 timestamp, RawMouseActions actions, Int32 x, Int32 y, Int32 wheel)
   at System.Windows.Interop.HwndMouseInputProvider.FilterMessage(IntPtr hwnd, WindowMessage msg, IntPtr wParam, IntPtr lParam, Boolean&amp; handled)
   at System.Windows.Interop.HwndSource.InputFilterMessage(IntPtr hwnd, Int32 msg, IntPtr wParam, IntPtr lParam, Boolean&amp; handled)
   at System.Windows.Threading.ExceptionWrapper.InternalRealCall(Delegate callback, Object args, Int32 numArgs)
   at System.Windows.Threading.ExceptionWrapper.TryCatchWhen(Object source, Delegate callback, Object args, Int32 numArgs, Delegate catchHandler)
   at System.Windows.Threading.Dispatcher.LegacyInvokeImpl(DispatcherPriority priority, TimeSpan timeout, Delegate method, Object args, Int32 numArgs)
   at MS.Win32.HwndSubclass.SubclassWndProc(IntPtr hwnd, Int32 msg, IntPtr wParam, IntPtr lParam)
   at MS.Win32.UnsafeNativeMethods.DispatchMessage(MSG&amp; msg)
   at System.Windows.Threading.Dispatcher.PushFrameImpl(DispatcherFrame frame)
   at System.Windows.Application.RunDispatcher(Object ignore)
   at System.Windows.Application.RunInternal(Window window)
   at SimpleEventViewer.App.Main()
</Data></EventData></Event><Event xmlns='http://schemas.microsoft.com/win/2004/08/events/event'><System><Provider Name='.NET Runtime'/><EventID Qualifiers='0'>1026</EventID><Version>0</Version><Level>2</Level><Task>0</Task><Opcode>0</Opcode><Keywords>0x80000000000000</Keywords><TimeCreated SystemTime='2026-05-10T08:28:41.5992045Z'/><EventRecordID>88463</EventRecordID><Correlation/><Execution ProcessID='51688' ThreadID='0'/><Channel>Application</Channel><Computer>portare</Computer><Security/></System><EventData><Data>Application: SimpleEventViewer.exe
CoreCLR Version: 8.0.2626.16921
.NET Version: 8.0.26
Description: The process was terminated due to an unhandled exception.
Exception Info: System.NullReferenceException: Object reference not set to an instance of an object.
   at SimpleEventViewer.MainWindow.RefreshButton_Click(Object sender, RoutedEventArgs e) in C:\Users\crimson\source\repos\SimpleEventViewer\MainWindow.xaml.cs:line 59
   at System.Windows.EventRoute.InvokeHandlersImpl(Object source, RoutedEventArgs args, Boolean reRaised)
   at System.Windows.UIElement.RaiseEventImpl(DependencyObject sender, RoutedEventArgs args)
   at System.Windows.Controls.Primitives.ButtonBase.OnClick()
   at System.Windows.Controls.Button.OnClick()
   at System.Windows.Controls.Primitives.ButtonBase.OnMouseLeftButtonUp(MouseButtonEventArgs e)
   at System.Windows.RoutedEventArgs.InvokeHandler(Delegate handler, Object target)
   at System.Windows.EventRoute.InvokeHandlersImpl(Object source, RoutedEventArgs args, Boolean reRaised)
   at System.Windows.UIElement.ReRaiseEventAs(DependencyObject sender, RoutedEventArgs args, RoutedEvent newEvent)
   at System.Windows.RoutedEventArgs.InvokeHandler(Delegate handler, Object target)
   at System.Windows.EventRoute.InvokeHandlersImpl(Object source, RoutedEventArgs args, Boolean reRaised)
   at System.Windows.UIElement.RaiseEventImpl(DependencyObject sender, RoutedEventArgs args)
   at System.Windows.UIElement.RaiseTrustedEvent(RoutedEventArgs args)
   at System.Windows.Input.InputManager.ProcessStagingArea()
   at System.Windows.Interop.HwndMouseInputProvider.ReportInput(IntPtr hwnd, InputMode mode, Int32 timestamp, RawMouseActions actions, Int32 x, Int32 y, Int32 wheel)
   at System.Windows.Interop.HwndMouseInputProvider.FilterMessage(IntPtr hwnd, WindowMessage msg, IntPtr wParam, IntPtr lParam, Boolean&amp; handled)
   at System.Windows.Interop.HwndSource.InputFilterMessage(IntPtr hwnd, Int32 msg, IntPtr wParam, IntPtr lParam, Boolean&amp; handled)
   at System.Windows.Threading.ExceptionWrapper.InternalRealCall(Delegate callback, Object args, Int32 numArgs)
   at System.Windows.Threading.ExceptionWrapper.TryCatchWhen(Object source, Delegate callback, Object args, Int32 numArgs, Delegate catchHandler)
   at System.Windows.Threading.Dispatcher.LegacyInvokeImpl(DispatcherPriority priority, TimeSpan timeout, Delegate method, Object args, Int32 numArgs)
   at MS.Win32.HwndSubclass.SubclassWndProc(IntPtr hwnd, Int32 msg, IntPtr wParam, IntPtr lParam)
   at MS.Win32.UnsafeNativeMethods.DispatchMessage(MSG&amp; msg)
   at System.Windows.Threading.Dispatcher.PushFrameImpl(DispatcherFrame frame)
   at System.Windows.Application.RunDispatcher(Object ignore)
   at System.Windows.Application.RunInternal(Window window)
   at SimpleEventViewer.App.Main()
</Data></EventData></Event><Event xmlns='http://schemas.microsoft.com/win/2004/08/events/event'><System><Provider Name='.NET Runtime'/><EventID Qualifiers='0'>1026</EventID><Version>0</Version><Level>2</Level><Task>0</Task><Opcode>0</Opcode><Keywords>0x80000000000000</Keywords><TimeCreated SystemTime='2026-05-10T08:11:54.4242227Z'/><EventRecordID>88462</EventRecordID><Correlation/><Execution ProcessID='56688' ThreadID='0'/><Channel>Application</Channel><Computer>portare</Computer><Security/></System><EventData><Data>Application: SimpleEventViewer.exe
CoreCLR Version: 8.0.2626.16921
.NET Version: 8.0.26
Description: The process was terminated due to an unhandled exception.
Exception Info: System.NullReferenceException: Object reference not set to an instance of an object.
   at SimpleEventViewer.MainWindow.RefreshButton_Click(Object sender, RoutedEventArgs e) in C:\Users\crimson\source\repos\SimpleEventViewer\MainWindow.xaml.cs:line 59
   at System.Windows.EventRoute.InvokeHandlersImpl(Object source, RoutedEventArgs args, Boolean reRaised)
   at System.Windows.UIElement.RaiseEventImpl(DependencyObject sender, RoutedEventArgs args)
   at System.Windows.Controls.Primitives.ButtonBase.OnClick()
   at System.Windows.Controls.Button.OnClick()
   at System.Windows.Controls.Primitives.ButtonBase.OnMouseLeftButtonUp(MouseButtonEventArgs e)
   at System.Windows.RoutedEventArgs.InvokeHandler(Delegate handler, Object target)
   at System.Windows.EventRoute.InvokeHandlersImpl(Object source, RoutedEventArgs args, Boolean reRaised)
   at System.Windows.UIElement.ReRaiseEventAs(DependencyObject sender, RoutedEventArgs args, RoutedEvent newEvent)
   at System.Windows.RoutedEventArgs.InvokeHandler(Delegate handler, Object target)
   at System.Windows.EventRoute.InvokeHandlersImpl(Object source, RoutedEventArgs args, Boolean reRaised)
   at System.Windows.UIElement.RaiseEventImpl(DependencyObject sender, RoutedEventArgs args)
   at System.Windows.UIElement.RaiseTrustedEvent(RoutedEventArgs args)
   at System.Windows.Input.InputManager.ProcessStagingArea()
   at System.Windows.Interop.HwndMouseInputProvider.ReportInput(IntPtr hwnd, InputMode mode, Int32 timestamp, RawMouseActions actions, Int32 x, Int32 y, Int32 wheel)
   at System.Windows.Interop.HwndMouseInputProvider.FilterMessage(IntPtr hwnd, WindowMessage msg, IntPtr wParam, IntPtr lParam, Boolean&amp; handled)
   at System.Windows.Threading.ExceptionWrapper.InternalRealCall(Delegate callback, Object args, Int32 numArgs)
   at System.Windows.Threading.ExceptionWrapper.TryCatchWhen(Object source, Delegate callback, Object args, Int32 numArgs, Delegate catchHandler)
   at System.Windows.Threading.Dispatcher.LegacyInvokeImpl(DispatcherPriority priority, TimeSpan timeout, Delegate method, Object args, Int32 numArgs)
   at MS.Win32.HwndSubclass.SubclassWndProc(IntPtr hwnd, Int32 msg, IntPtr wParam, IntPtr lParam)
   at MS.Win32.UnsafeNativeMethods.DispatchMessage(MSG&amp; msg)
   at System.Windows.Threading.Dispatcher.PushFrameImpl(DispatcherFrame frame)
   at System.Windows.Application.RunDispatcher(Object ignore)
   at System.Windows.Application.RunInternal(Window window)
   at SimpleEventViewer.App.Main()
</Data></EventData></Event>